INFO: 2024-10-23 15:04:07,302: ['2024-10-23 15:04:07:', 'Language: en']
INFO: 2024-10-23 15:04:07,303: ['2024-10-23 15:04:07:', 'Assuming root path: D:\\projects\\php\\tina4-python\\tina4_python, library path: D:\\projects\\php\\tina4-python\\tina4_python']
DEBUG: 2024-10-23 15:04:07,338: ['2024-10-23 15:04:07:', 'TEST TOKEN', 'eyJhbGciOiJSUzI1NiIsInR5cCI6IkpXVCJ9.eyJuYW1lIjoiVGluYTQiLCJleHBpcmVzIjoiMjAyNC0xMC0yM1QxNTowNjowNy4zMzc2MDIifQ.PZ6DPRV3k9iaEpjbFzrH2zeRV2T_kGdKxaKVpmhPeDLjo489BycSztZiu7VDrb358Qg6fsBYGllRdHD2IunzKoLR6hjVhmrCh20fQhcEFgDCoJICBPraMtpUI85seL1gn9Taadl7w_EgINwEhieMCJovm8l6OwRlLUUaHBhZ8jbeGKKwOeFkmxjA0qLII7WZOBSxaDakZZDDWhPjC9KSVcaUMsgnlwoX1sNhWiDXEYDILNqD4flqoHXEVrKraVuqFpXupTeJU7tcyzX5bNgbP5TtvV-ogKSJEoHa6XWcPf_sg5fd5di4rSrB-ufxBKZkGKSQDNtFJ-zrMqCEwNqF5A']
DEBUG: 2024-10-23 15:04:07,340: ['2024-10-23 15:04:07:', 'VALID TOKEN', False]
DEBUG: 2024-10-23 15:04:07,340: ['2024-10-23 15:04:07:', 'VALID TOKEN', True]
DEBUG: 2024-10-23 15:04:07,340: ['2024-10-23 15:04:07:', 'PAYLOAD', {'name': 'Tina4', 'expires': '2024-10-23T15:06:07.337602'}]
DEBUG: 2024-10-23 15:04:07,351: ['2024-10-23 15:04:07:', 'DATABASE:', <module 'sqlite3' from 'C:\\Users\\andre\\AppData\\Local\\Programs\\Python\\Python311\\Lib\\sqlite3\\__init__.py'>, None, None, 'test.db', 'username']
DEBUG: 2024-10-23 15:04:07,351: ['2024-10-23 15:04:07:', 'Adding a route: /some/page']
DEBUG: 2024-10-23 15:04:07,352: ['2024-10-23 15:04:07:', 'Adding a route: /hello/{name}']
DEBUG: 2024-10-23 15:04:07,352: ['2024-10-23 15:04:07:', 'Adding a route: /hello/{name}']
DEBUG: 2024-10-23 15:04:07,353: ['2024-10-23 15:04:07:', 'Adding a route: /upload/files']
DEBUG: 2024-10-23 15:04:07,353: ['2024-10-23 15:04:07:', 'Adding a route: /system/roles']
DEBUG: 2024-10-23 15:04:07,353: ['2024-10-23 15:04:07:', 'Adding a route: /system/roles/data']
DEBUG: 2024-10-23 15:04:07,353: ['2024-10-23 15:04:07:', 'Adding a route: /system/roles/{id}']
DEBUG: 2024-10-23 15:04:07,354: ['2024-10-23 15:04:07:', 'Adding a route: /test/redirect']
DEBUG: 2024-10-23 15:04:07,354: ['2024-10-23 15:04:07:', 'Adding a route: /']
DEBUG: 2024-10-23 15:04:07,355: ['2024-10-23 15:04:07:', 'Compiling scss']
DEBUG: 2024-10-23 15:04:07,358: ['2024-10-23 15:04:07:', 'Adding a route: /swagger/swagger.json']
DEBUG: 2024-10-23 15:04:07,358: ['2024-10-23 15:04:07:', 'Adding a route: /swagger']
INFO: 2024-10-23 15:04:07,358: ['2024-10-23 15:04:07:', 'Jurigged enabled']
INFO: 2024-10-23 15:04:07,364: ['2024-10-23 15:04:07:', 'Starting webserver on 7145']
INFO: 2024-10-23 15:04:07,365: ['2024-10-23 15:04:07:', 'Server started http://localhost:7145']
DEBUG: 2024-10-23 15:04:10,003: ['2024-10-23 15:04:10:', 'Session expired, starting a new one']
DEBUG: 2024-10-23 15:04:10,005: ['2024-10-23 15:04:10:', 'GET', 'Resolving URL: /']
DEBUG: 2024-10-23 15:04:10,005: ['2024-10-23 15:04:10:', 'Root Path D:\\projects\\php\\tina4-python /', 'GET']
DEBUG: 2024-10-23 15:04:10,005: ['2024-10-23 15:04:10:', 'Initializing Twig on D:\\projects\\php\\tina4-python\\src\\templates']
INFO: 2024-10-23 15:04:10,008: ['2024-10-23 15:04:10:', 'Twig Initialized on D:\\projects\\php\\tina4-python\\src\\templates']
DEBUG: 2024-10-23 15:04:10,010: ['2024-10-23 15:04:10:', 'Attempting to serve static file: D:\\projects\\php\\tina4-python\\src\\public\\']
DEBUG: 2024-10-23 15:04:10,010: ['2024-10-23 15:04:10:', 'Matching route /some/page to /']
DEBUG: 2024-10-23 15:04:10,010: ['2024-10-23 15:04:10:', 'Matching route /hello/{name} to /']
DEBUG: 2024-10-23 15:04:10,011: ['2024-10-23 15:04:10:', 'Matching route /system/roles to /']
DEBUG: 2024-10-23 15:04:10,011: ['2024-10-23 15:04:10:', 'Matching route /system/roles/data to /']
DEBUG: 2024-10-23 15:04:10,011: ['2024-10-23 15:04:10:', 'Matching route /system/roles/{id} to /']
DEBUG: 2024-10-23 15:04:10,012: ['2024-10-23 15:04:10:', 'Matching route /test/redirect to /']
DEBUG: 2024-10-23 15:04:10,012: ['2024-10-23 15:04:10:', 'Matching route / to /']
DEBUG: 2024-10-23 15:04:10,012: ['2024-10-23 15:04:10:', 'Twig found on D:\\projects\\php\\tina4-python\\src\\templates']
DEBUG: 2024-10-23 15:04:10,036: ['2024-10-23 15:04:10:', 'GET', 'Resolving URL: /favicon.ico']
DEBUG: 2024-10-23 15:04:10,036: ['2024-10-23 15:04:10:', 'Root Path D:\\projects\\php\\tina4-python /favicon.ico', 'GET']
DEBUG: 2024-10-23 15:04:10,036: ['2024-10-23 15:04:10:', 'Twig found on D:\\projects\\php\\tina4-python\\src\\templates']
DEBUG: 2024-10-23 15:04:10,036: ['2024-10-23 15:04:10:', 'Attempting to serve static file: D:\\projects\\php\\tina4-python\\src\\public\\favicon.ico']
DEBUG: 2024-10-23 15:04:11,555: ['2024-10-23 15:04:11:', 'GET', 'Resolving URL: /service-worker.js']
DEBUG: 2024-10-23 15:04:11,556: ['2024-10-23 15:04:11:', 'Root Path D:\\projects\\php\\tina4-python /service-worker.js', 'GET']
DEBUG: 2024-10-23 15:04:11,556: ['2024-10-23 15:04:11:', 'Twig found on D:\\projects\\php\\tina4-python\\src\\templates']
DEBUG: 2024-10-23 15:04:11,557: ['2024-10-23 15:04:11:', 'Attempting to serve static file: D:\\projects\\php\\tina4-python\\src\\public\\service-worker.js']
DEBUG: 2024-10-23 15:04:11,557: ['2024-10-23 15:04:11:', 'Matching route /some/page to /service-worker.js']
DEBUG: 2024-10-23 15:04:11,557: ['2024-10-23 15:04:11:', 'Matching route /hello/{name} to /service-worker.js']
DEBUG: 2024-10-23 15:04:11,557: ['2024-10-23 15:04:11:', 'Matching route /system/roles to /service-worker.js']
DEBUG: 2024-10-23 15:04:11,557: ['2024-10-23 15:04:11:', 'Matching route /system/roles/data to /service-worker.js']
DEBUG: 2024-10-23 15:04:11,559: ['2024-10-23 15:04:11:', 'Matching route /system/roles/{id} to /service-worker.js']
DEBUG: 2024-10-23 15:04:11,559: ['2024-10-23 15:04:11:', 'Matching route /test/redirect to /service-worker.js']
DEBUG: 2024-10-23 15:04:11,559: ['2024-10-23 15:04:11:', 'Matching route / to /service-worker.js']
DEBUG: 2024-10-23 15:04:11,560: ['2024-10-23 15:04:11:', 'Matching route /swagger/swagger.json to /service-worker.js']
DEBUG: 2024-10-23 15:04:11,560: ['2024-10-23 15:04:11:', 'Matching route /swagger to /service-worker.js']
DEBUG: 2024-10-23 15:04:11,643: ['2024-10-23 15:04:11:', 'GET', 'Resolving URL: /']
DEBUG: 2024-10-23 15:04:11,644: ['2024-10-23 15:04:11:', 'GET', 'Resolving URL: /']
DEBUG: 2024-10-23 15:04:11,644: ['2024-10-23 15:04:11:', 'GET', 'Resolving URL: /']
DEBUG: 2024-10-23 15:04:11,646: ['2024-10-23 15:04:11:', 'GET', 'Resolving URL: /']
DEBUG: 2024-10-23 15:04:11,646: ['2024-10-23 15:04:11:', 'GET', 'Resolving URL: /']
DEBUG: 2024-10-23 15:04:11,646: ['2024-10-23 15:04:11:', 'GET', 'Resolving URL: /']
DEBUG: 2024-10-23 15:04:12,416: ['2024-10-23 15:04:12:', 'GET', 'Resolving URL: /']
DEBUG: 2024-10-23 15:04:12,416: ['2024-10-23 15:04:12:', 'GET', 'Resolving URL: /']
DEBUG: 2024-10-23 15:04:12,416: ['2024-10-23 15:04:12:', 'GET', 'Resolving URL: /']
DEBUG: 2024-10-23 15:04:12,416: ['2024-10-23 15:04:12:', 'GET', 'Resolving URL: /']
DEBUG: 2024-10-23 15:04:12,418: ['2024-10-23 15:04:12:', 'GET', 'Resolving URL: /']
DEBUG: 2024-10-23 15:04:12,418: ['2024-10-23 15:04:12:', 'GET', 'Resolving URL: /']
DEBUG: 2024-10-23 15:04:12,418: ['2024-10-23 15:04:12:', 'GET', 'Resolving URL: /']
DEBUG: 2024-10-23 15:04:12,418: ['2024-10-23 15:04:12:', 'GET', 'Resolving URL: /']
DEBUG: 2024-10-23 15:04:12,418: ['2024-10-23 15:04:12:', 'GET', 'Resolving URL: /']
DEBUG: 2024-10-23 15:04:12,421: ['2024-10-23 15:04:12:', 'GET', 'Resolving URL: /']
DEBUG: 2024-10-23 15:04:12,421: ['2024-10-23 15:04:12:', 'GET', 'Resolving URL: /']
DEBUG: 2024-10-23 15:04:12,421: ['2024-10-23 15:04:12:', 'GET', 'Resolving URL: /']
DEBUG: 2024-10-23 15:04:12,421: ['2024-10-23 15:04:12:', 'GET', 'Resolving URL: /']
DEBUG: 2024-10-23 15:04:12,421: ['2024-10-23 15:04:12:', 'GET', 'Resolving URL: /']
DEBUG: 2024-10-23 15:04:12,421: ['2024-10-23 15:04:12:', 'GET', 'Resolving URL: /']
DEBUG: 2024-10-23 15:04:13,454: ['2024-10-23 15:04:13:', 'GET', 'Resolving URL: /']
DEBUG: 2024-10-23 15:04:13,454: ['2024-10-23 15:04:13:', 'GET', 'Resolving URL: /']
DEBUG: 2024-10-23 15:04:13,454: ['2024-10-23 15:04:13:', 'GET', 'Resolving URL: /']
DEBUG: 2024-10-23 15:04:13,454: ['2024-10-23 15:04:13:', 'GET', 'Resolving URL: /']
DEBUG: 2024-10-23 15:04:13,454: ['2024-10-23 15:04:13:', 'GET', 'Resolving URL: /']
DEBUG: 2024-10-23 15:04:13,454: ['2024-10-23 15:04:13:', 'GET', 'Resolving URL: /']
DEBUG: 2024-10-23 15:04:13,454: ['2024-10-23 15:04:13:', 'GET', 'Resolving URL: /']
DEBUG: 2024-10-23 15:04:13,457: ['2024-10-23 15:04:13:', 'GET', 'Resolving URL: /']
DEBUG: 2024-10-23 15:04:13,457: ['2024-10-23 15:04:13:', 'GET', 'Resolving URL: /']
DEBUG: 2024-10-23 15:04:13,457: ['2024-10-23 15:04:13:', 'GET', 'Resolving URL: /']
DEBUG: 2024-10-23 15:04:13,457: ['2024-10-23 15:04:13:', 'GET', 'Resolving URL: /']
DEBUG: 2024-10-23 15:04:13,457: ['2024-10-23 15:04:13:', 'GET', 'Resolving URL: /']
DEBUG: 2024-10-23 15:04:13,457: ['2024-10-23 15:04:13:', 'GET', 'Resolving URL: /']
DEBUG: 2024-10-23 15:04:13,457: ['2024-10-23 15:04:13:', 'GET', 'Resolving URL: /']
DEBUG: 2024-10-23 15:04:13,457: ['2024-10-23 15:04:13:', 'GET', 'Resolving URL: /']
DEBUG: 2024-10-23 15:04:13,461: ['2024-10-23 15:04:13:', 'GET', 'Resolving URL: /']
DEBUG: 2024-10-23 15:04:13,461: ['2024-10-23 15:04:13:', 'GET', 'Resolving URL: /']
DEBUG: 2024-10-23 15:04:13,461: ['2024-10-23 15:04:13:', 'GET', 'Resolving URL: /']
DEBUG: 2024-10-23 15:04:13,461: ['2024-10-23 15:04:13:', 'GET', 'Resolving URL: /']
DEBUG: 2024-10-23 15:04:13,461: ['2024-10-23 15:04:13:', 'GET', 'Resolving URL: /']
DEBUG: 2024-10-23 15:04:13,461: ['2024-10-23 15:04:13:', 'GET', 'Resolving URL: /']
DEBUG: 2024-10-23 15:04:13,461: ['2024-10-23 15:04:13:', 'GET', 'Resolving URL: /']
DEBUG: 2024-10-23 15:04:13,461: ['2024-10-23 15:04:13:', 'GET', 'Resolving URL: /']
DEBUG: 2024-10-23 15:04:13,461: ['2024-10-23 15:04:13:', 'GET', 'Resolving URL: /']
DEBUG: 2024-10-23 15:04:13,463: ['2024-10-23 15:04:13:', 'GET', 'Resolving URL: /service-worker.js']
DEBUG: 2024-10-23 15:04:13,463: ['2024-10-23 15:04:13:', 'GET', 'Resolving URL: /service-worker.js']
DEBUG: 2024-10-23 15:04:13,463: ['2024-10-23 15:04:13:', 'GET', 'Resolving URL: /service-worker.js']
DEBUG: 2024-10-23 15:04:13,463: ['2024-10-23 15:04:13:', 'GET', 'Resolving URL: /service-worker.js']
DEBUG: 2024-10-23 15:04:13,463: ['2024-10-23 15:04:13:', 'GET', 'Resolving URL: /service-worker.js']
DEBUG: 2024-10-23 15:04:13,463: ['2024-10-23 15:04:13:', 'GET', 'Resolving URL: /service-worker.js']
DEBUG: 2024-10-23 15:04:13,463: ['2024-10-23 15:04:13:', 'GET', 'Resolving URL: /service-worker.js']
DEBUG: 2024-10-23 15:04:13,463: ['2024-10-23 15:04:13:', 'GET', 'Resolving URL: /service-worker.js']
DEBUG: 2024-10-23 15:04:13,463: ['2024-10-23 15:04:13:', 'GET', 'Resolving URL: /service-worker.js']
DEBUG: 2024-10-23 15:04:13,463: ['2024-10-23 15:04:13:', 'GET', 'Resolving URL: /service-worker.js']
DEBUG: 2024-10-23 15:04:14,471: ['2024-10-23 15:04:14:', 'GET', 'Resolving URL: /service-worker.js']
DEBUG: 2024-10-23 15:04:14,471: ['2024-10-23 15:04:14:', 'GET', 'Resolving URL: /service-worker.js']
DEBUG: 2024-10-23 15:04:14,471: ['2024-10-23 15:04:14:', 'GET', 'Resolving URL: /service-worker.js']
DEBUG: 2024-10-23 15:04:14,471: ['2024-10-23 15:04:14:', 'GET', 'Resolving URL: /service-worker.js']
DEBUG: 2024-10-23 15:04:14,471: ['2024-10-23 15:04:14:', 'GET', 'Resolving URL: /service-worker.js']
DEBUG: 2024-10-23 15:04:14,471: ['2024-10-23 15:04:14:', 'GET', 'Resolving URL: /service-worker.js']
DEBUG: 2024-10-23 15:04:14,471: ['2024-10-23 15:04:14:', 'GET', 'Resolving URL: /service-worker.js']
DEBUG: 2024-10-23 15:04:14,471: ['2024-10-23 15:04:14:', 'GET', 'Resolving URL: /service-worker.js']
DEBUG: 2024-10-23 15:04:14,471: ['2024-10-23 15:04:14:', 'GET', 'Resolving URL: /service-worker.js']
DEBUG: 2024-10-23 15:04:14,471: ['2024-10-23 15:04:14:', 'GET', 'Resolving URL: /service-worker.js']
DEBUG: 2024-10-23 15:04:14,471: ['2024-10-23 15:04:14:', 'GET', 'Resolving URL: /service-worker.js']
DEBUG: 2024-10-23 15:04:18,485: ['2024-10-23 15:04:18:', 'GET', 'Resolving URL: /']
DEBUG: 2024-10-23 15:04:18,485: ['2024-10-23 15:04:18:', 'GET', 'Resolving URL: /']
DEBUG: 2024-10-23 15:04:18,485: ['2024-10-23 15:04:18:', 'GET', 'Resolving URL: /']
DEBUG: 2024-10-23 15:04:18,485: ['2024-10-23 15:04:18:', 'GET', 'Resolving URL: /']
DEBUG: 2024-10-23 15:04:18,485: ['2024-10-23 15:04:18:', 'GET', 'Resolving URL: /']
DEBUG: 2024-10-23 15:04:18,485: ['2024-10-23 15:04:18:', 'GET', 'Resolving URL: /']
DEBUG: 2024-10-23 15:04:18,485: ['2024-10-23 15:04:18:', 'GET', 'Resolving URL: /']
DEBUG: 2024-10-23 15:04:18,485: ['2024-10-23 15:04:18:', 'GET', 'Resolving URL: /']
DEBUG: 2024-10-23 15:04:18,485: ['2024-10-23 15:04:18:', 'GET', 'Resolving URL: /']
DEBUG: 2024-10-23 15:04:18,485: ['2024-10-23 15:04:18:', 'GET', 'Resolving URL: /']
DEBUG: 2024-10-23 15:04:18,485: ['2024-10-23 15:04:18:', 'GET', 'Resolving URL: /']
DEBUG: 2024-10-23 15:04:18,485: ['2024-10-23 15:04:18:', 'GET', 'Resolving URL: /']
DEBUG: 2024-10-23 15:04:18,488: ['2024-10-23 15:04:18:', 'GET', 'Resolving URL: /']
DEBUG: 2024-10-23 15:04:18,488: ['2024-10-23 15:04:18:', 'GET', 'Resolving URL: /']
DEBUG: 2024-10-23 15:04:18,488: ['2024-10-23 15:04:18:', 'GET', 'Resolving URL: /']
DEBUG: 2024-10-23 15:04:18,488: ['2024-10-23 15:04:18:', 'GET', 'Resolving URL: /']
DEBUG: 2024-10-23 15:04:18,488: ['2024-10-23 15:04:18:', 'GET', 'Resolving URL: /']
DEBUG: 2024-10-23 15:04:18,488: ['2024-10-23 15:04:18:', 'GET', 'Resolving URL: /']
DEBUG: 2024-10-23 15:04:18,488: ['2024-10-23 15:04:18:', 'GET', 'Resolving URL: /']
DEBUG: 2024-10-23 15:04:18,488: ['2024-10-23 15:04:18:', 'GET', 'Resolving URL: /']
DEBUG: 2024-10-23 15:04:18,488: ['2024-10-23 15:04:18:', 'GET', 'Resolving URL: /']
DEBUG: 2024-10-23 15:04:18,488: ['2024-10-23 15:04:18:', 'GET', 'Resolving URL: /']
DEBUG: 2024-10-23 15:04:18,488: ['2024-10-23 15:04:18:', 'GET', 'Resolving URL: /']
DEBUG: 2024-10-23 15:04:18,488: ['2024-10-23 15:04:18:', 'GET', 'Resolving URL: /']
DEBUG: 2024-10-23 15:04:18,488: ['2024-10-23 15:04:18:', 'GET', 'Resolving URL: /']
DEBUG: 2024-10-23 15:04:18,492: ['2024-10-23 15:04:18:', 'GET', 'Resolving URL: /']
DEBUG: 2024-10-23 15:04:18,492: ['2024-10-23 15:04:18:', 'GET', 'Resolving URL: /']
DEBUG: 2024-10-23 15:04:18,492: ['2024-10-23 15:04:18:', 'GET', 'Resolving URL: /']
DEBUG: 2024-10-23 15:04:18,492: ['2024-10-23 15:04:18:', 'GET', 'Resolving URL: /']
DEBUG: 2024-10-23 15:04:18,492: ['2024-10-23 15:04:18:', 'GET', 'Resolving URL: /']
DEBUG: 2024-10-23 15:04:18,492: ['2024-10-23 15:04:18:', 'GET', 'Resolving URL: /']
DEBUG: 2024-10-23 15:04:18,492: ['2024-10-23 15:04:18:', 'GET', 'Resolving URL: /']
DEBUG: 2024-10-23 15:04:18,492: ['2024-10-23 15:04:18:', 'GET', 'Resolving URL: /']
DEBUG: 2024-10-23 15:04:18,492: ['2024-10-23 15:04:18:', 'GET', 'Resolving URL: /']
DEBUG: 2024-10-23 15:04:18,492: ['2024-10-23 15:04:18:', 'GET', 'Resolving URL: /']
DEBUG: 2024-10-23 15:04:18,492: ['2024-10-23 15:04:18:', 'GET', 'Resolving URL: /']
DEBUG: 2024-10-23 15:04:18,492: ['2024-10-23 15:04:18:', 'GET', 'Resolving URL: /']
DEBUG: 2024-10-23 15:04:18,492: ['2024-10-23 15:04:18:', 'GET', 'Resolving URL: /']
DEBUG: 2024-10-23 15:04:18,492: ['2024-10-23 15:04:18:', 'GET', 'Resolving URL: /']
DEBUG: 2024-10-23 15:04:19,514: ['2024-10-23 15:04:19:', 'GET', 'Resolving URL: /service-worker.js']
DEBUG: 2024-10-23 15:04:19,514: ['2024-10-23 15:04:19:', 'GET', 'Resolving URL: /service-worker.js']
DEBUG: 2024-10-23 15:04:19,514: ['2024-10-23 15:04:19:', 'GET', 'Resolving URL: /service-worker.js']
DEBUG: 2024-10-23 15:04:19,514: ['2024-10-23 15:04:19:', 'GET', 'Resolving URL: /service-worker.js']
DEBUG: 2024-10-23 15:04:19,514: ['2024-10-23 15:04:19:', 'GET', 'Resolving URL: /service-worker.js']
DEBUG: 2024-10-23 15:04:19,514: ['2024-10-23 15:04:19:', 'GET', 'Resolving URL: /service-worker.js']
DEBUG: 2024-10-23 15:04:19,514: ['2024-10-23 15:04:19:', 'GET', 'Resolving URL: /service-worker.js']
DEBUG: 2024-10-23 15:04:19,514: ['2024-10-23 15:04:19:', 'GET', 'Resolving URL: /service-worker.js']
DEBUG: 2024-10-23 15:04:19,514: ['2024-10-23 15:04:19:', 'GET', 'Resolving URL: /service-worker.js']
DEBUG: 2024-10-23 15:04:19,514: ['2024-10-23 15:04:19:', 'GET', 'Resolving URL: /service-worker.js']
DEBUG: 2024-10-23 15:04:19,514: ['2024-10-23 15:04:19:', 'GET', 'Resolving URL: /service-worker.js']
DEBUG: 2024-10-23 15:04:19,514: ['2024-10-23 15:04:19:', 'GET', 'Resolving URL: /service-worker.js']
DEBUG: 2024-10-23 15:04:19,514: ['2024-10-23 15:04:19:', 'GET', 'Resolving URL: /service-worker.js']
DEBUG: 2024-10-23 15:04:19,514: ['2024-10-23 15:04:19:', 'GET', 'Resolving URL: /service-worker.js']
DEBUG: 2024-10-23 15:04:19,514: ['2024-10-23 15:04:19:', 'GET', 'Resolving URL: /service-worker.js']
DEBUG: 2024-10-23 15:04:48,517: ['2024-10-23 15:04:48:', 'GET', 'Resolving URL: /']
DEBUG: 2024-10-23 15:04:48,517: ['2024-10-23 15:04:48:', 'GET', 'Resolving URL: /']
DEBUG: 2024-10-23 15:04:48,517: ['2024-10-23 15:04:48:', 'GET', 'Resolving URL: /']
DEBUG: 2024-10-23 15:04:48,517: ['2024-10-23 15:04:48:', 'GET', 'Resolving URL: /']
DEBUG: 2024-10-23 15:04:48,517: ['2024-10-23 15:04:48:', 'GET', 'Resolving URL: /']
DEBUG: 2024-10-23 15:04:48,517: ['2024-10-23 15:04:48:', 'GET', 'Resolving URL: /']
DEBUG: 2024-10-23 15:04:48,517: ['2024-10-23 15:04:48:', 'GET', 'Resolving URL: /']
DEBUG: 2024-10-23 15:04:48,517: ['2024-10-23 15:04:48:', 'GET', 'Resolving URL: /']
DEBUG: 2024-10-23 15:04:48,517: ['2024-10-23 15:04:48:', 'GET', 'Resolving URL: /']
DEBUG: 2024-10-23 15:04:48,517: ['2024-10-23 15:04:48:', 'GET', 'Resolving URL: /']
DEBUG: 2024-10-23 15:04:48,517: ['2024-10-23 15:04:48:', 'GET', 'Resolving URL: /']
DEBUG: 2024-10-23 15:04:48,517: ['2024-10-23 15:04:48:', 'GET', 'Resolving URL: /']
DEBUG: 2024-10-23 15:04:48,517: ['2024-10-23 15:04:48:', 'GET', 'Resolving URL: /']
DEBUG: 2024-10-23 15:04:48,517: ['2024-10-23 15:04:48:', 'GET', 'Resolving URL: /']
DEBUG: 2024-10-23 15:04:48,517: ['2024-10-23 15:04:48:', 'GET', 'Resolving URL: /']
DEBUG: 2024-10-23 15:04:48,517: ['2024-10-23 15:04:48:', 'GET', 'Resolving URL: /']
DEBUG: 2024-10-23 15:04:48,521: ['2024-10-23 15:04:48:', 'GET', 'Resolving URL: /']
DEBUG: 2024-10-23 15:04:48,521: ['2024-10-23 15:04:48:', 'GET', 'Resolving URL: /']
DEBUG: 2024-10-23 15:04:48,521: ['2024-10-23 15:04:48:', 'GET', 'Resolving URL: /']
DEBUG: 2024-10-23 15:04:48,521: ['2024-10-23 15:04:48:', 'GET', 'Resolving URL: /']
DEBUG: 2024-10-23 15:04:48,521: ['2024-10-23 15:04:48:', 'GET', 'Resolving URL: /']
DEBUG: 2024-10-23 15:04:48,521: ['2024-10-23 15:04:48:', 'GET', 'Resolving URL: /']
DEBUG: 2024-10-23 15:04:48,521: ['2024-10-23 15:04:48:', 'GET', 'Resolving URL: /']
DEBUG: 2024-10-23 15:04:48,521: ['2024-10-23 15:04:48:', 'GET', 'Resolving URL: /']
DEBUG: 2024-10-23 15:04:48,521: ['2024-10-23 15:04:48:', 'GET', 'Resolving URL: /']
DEBUG: 2024-10-23 15:04:48,521: ['2024-10-23 15:04:48:', 'GET', 'Resolving URL: /']
DEBUG: 2024-10-23 15:04:48,521: ['2024-10-23 15:04:48:', 'GET', 'Resolving URL: /']
DEBUG: 2024-10-23 15:04:48,521: ['2024-10-23 15:04:48:', 'GET', 'Resolving URL: /']
DEBUG: 2024-10-23 15:04:48,521: ['2024-10-23 15:04:48:', 'GET', 'Resolving URL: /']
DEBUG: 2024-10-23 15:04:48,521: ['2024-10-23 15:04:48:', 'GET', 'Resolving URL: /']
DEBUG: 2024-10-23 15:04:48,521: ['2024-10-23 15:04:48:', 'GET', 'Resolving URL: /']
DEBUG: 2024-10-23 15:04:48,521: ['2024-10-23 15:04:48:', 'GET', 'Resolving URL: /']
DEBUG: 2024-10-23 15:04:48,521: ['2024-10-23 15:04:48:', 'GET', 'Resolving URL: /']
DEBUG: 2024-10-23 15:04:48,525: ['2024-10-23 15:04:48:', 'GET', 'Resolving URL: /']
DEBUG: 2024-10-23 15:04:48,525: ['2024-10-23 15:04:48:', 'GET', 'Resolving URL: /']
DEBUG: 2024-10-23 15:04:48,525: ['2024-10-23 15:04:48:', 'GET', 'Resolving URL: /']
DEBUG: 2024-10-23 15:04:48,525: ['2024-10-23 15:04:48:', 'GET', 'Resolving URL: /']
DEBUG: 2024-10-23 15:04:48,525: ['2024-10-23 15:04:48:', 'GET', 'Resolving URL: /']
DEBUG: 2024-10-23 15:04:48,525: ['2024-10-23 15:04:48:', 'GET', 'Resolving URL: /']
DEBUG: 2024-10-23 15:04:48,525: ['2024-10-23 15:04:48:', 'GET', 'Resolving URL: /']
DEBUG: 2024-10-23 15:04:48,525: ['2024-10-23 15:04:48:', 'GET', 'Resolving URL: /']
DEBUG: 2024-10-23 15:04:48,525: ['2024-10-23 15:04:48:', 'GET', 'Resolving URL: /']
DEBUG: 2024-10-23 15:04:48,525: ['2024-10-23 15:04:48:', 'GET', 'Resolving URL: /']
DEBUG: 2024-10-23 15:04:48,525: ['2024-10-23 15:04:48:', 'GET', 'Resolving URL: /']
DEBUG: 2024-10-23 15:04:48,525: ['2024-10-23 15:04:48:', 'GET', 'Resolving URL: /']
DEBUG: 2024-10-23 15:04:48,525: ['2024-10-23 15:04:48:', 'GET', 'Resolving URL: /']
DEBUG: 2024-10-23 15:04:48,525: ['2024-10-23 15:04:48:', 'GET', 'Resolving URL: /']
DEBUG: 2024-10-23 15:04:48,525: ['2024-10-23 15:04:48:', 'GET', 'Resolving URL: /']
DEBUG: 2024-10-23 15:04:48,525: ['2024-10-23 15:04:48:', 'GET', 'Resolving URL: /']
DEBUG: 2024-10-23 15:04:48,525: ['2024-10-23 15:04:48:', 'GET', 'Resolving URL: /']
DEBUG: 2024-10-23 15:04:48,525: ['2024-10-23 15:04:48:', 'GET', 'Resolving URL: /']
DEBUG: 2024-10-23 15:04:49,547: ['2024-10-23 15:04:49:', 'GET', 'Resolving URL: /service-worker.js']
DEBUG: 2024-10-23 15:04:49,547: ['2024-10-23 15:04:49:', 'GET', 'Resolving URL: /service-worker.js']
DEBUG: 2024-10-23 15:04:49,547: ['2024-10-23 15:04:49:', 'GET', 'Resolving URL: /service-worker.js']
DEBUG: 2024-10-23 15:04:49,547: ['2024-10-23 15:04:49:', 'GET', 'Resolving URL: /service-worker.js']
DEBUG: 2024-10-23 15:04:49,547: ['2024-10-23 15:04:49:', 'GET', 'Resolving URL: /service-worker.js']
DEBUG: 2024-10-23 15:04:49,547: ['2024-10-23 15:04:49:', 'GET', 'Resolving URL: /service-worker.js']
DEBUG: 2024-10-23 15:04:49,547: ['2024-10-23 15:04:49:', 'GET', 'Resolving URL: /service-worker.js']
DEBUG: 2024-10-23 15:04:49,547: ['2024-10-23 15:04:49:', 'GET', 'Resolving URL: /service-worker.js']
DEBUG: 2024-10-23 15:04:49,547: ['2024-10-23 15:04:49:', 'GET', 'Resolving URL: /service-worker.js']
DEBUG: 2024-10-23 15:04:49,547: ['2024-10-23 15:04:49:', 'GET', 'Resolving URL: /service-worker.js']
DEBUG: 2024-10-23 15:04:49,547: ['2024-10-23 15:04:49:', 'GET', 'Resolving URL: /service-worker.js']
DEBUG: 2024-10-23 15:04:49,547: ['2024-10-23 15:04:49:', 'GET', 'Resolving URL: /service-worker.js']
DEBUG: 2024-10-23 15:04:49,547: ['2024-10-23 15:04:49:', 'GET', 'Resolving URL: /service-worker.js']
DEBUG: 2024-10-23 15:04:49,547: ['2024-10-23 15:04:49:', 'GET', 'Resolving URL: /service-worker.js']
DEBUG: 2024-10-23 15:04:49,547: ['2024-10-23 15:04:49:', 'GET', 'Resolving URL: /service-worker.js']
DEBUG: 2024-10-23 15:04:49,547: ['2024-10-23 15:04:49:', 'GET', 'Resolving URL: /service-worker.js']
DEBUG: 2024-10-23 15:04:49,547: ['2024-10-23 15:04:49:', 'GET', 'Resolving URL: /service-worker.js']
DEBUG: 2024-10-23 15:04:49,547: ['2024-10-23 15:04:49:', 'GET', 'Resolving URL: /service-worker.js']
DEBUG: 2024-10-23 15:04:49,547: ['2024-10-23 15:04:49:', 'GET', 'Resolving URL: /service-worker.js']
DEBUG: 2024-10-23 15:05:48,546: ['2024-10-23 15:05:48:', 'GET', 'Resolving URL: /']
DEBUG: 2024-10-23 15:05:48,546: ['2024-10-23 15:05:48:', 'GET', 'Resolving URL: /']
DEBUG: 2024-10-23 15:05:48,546: ['2024-10-23 15:05:48:', 'GET', 'Resolving URL: /']
DEBUG: 2024-10-23 15:05:48,546: ['2024-10-23 15:05:48:', 'GET', 'Resolving URL: /']
DEBUG: 2024-10-23 15:05:48,546: ['2024-10-23 15:05:48:', 'GET', 'Resolving URL: /']
DEBUG: 2024-10-23 15:05:48,546: ['2024-10-23 15:05:48:', 'GET', 'Resolving URL: /']
DEBUG: 2024-10-23 15:05:48,546: ['2024-10-23 15:05:48:', 'GET', 'Resolving URL: /']
DEBUG: 2024-10-23 15:05:48,546: ['2024-10-23 15:05:48:', 'GET', 'Resolving URL: /']
DEBUG: 2024-10-23 15:05:48,546: ['2024-10-23 15:05:48:', 'GET', 'Resolving URL: /']
DEBUG: 2024-10-23 15:05:48,546: ['2024-10-23 15:05:48:', 'GET', 'Resolving URL: /']
DEBUG: 2024-10-23 15:05:48,546: ['2024-10-23 15:05:48:', 'GET', 'Resolving URL: /']
DEBUG: 2024-10-23 15:05:48,546: ['2024-10-23 15:05:48:', 'GET', 'Resolving URL: /']
DEBUG: 2024-10-23 15:05:48,546: ['2024-10-23 15:05:48:', 'GET', 'Resolving URL: /']
DEBUG: 2024-10-23 15:05:48,546: ['2024-10-23 15:05:48:', 'GET', 'Resolving URL: /']
DEBUG: 2024-10-23 15:05:48,546: ['2024-10-23 15:05:48:', 'GET', 'Resolving URL: /']
DEBUG: 2024-10-23 15:05:48,546: ['2024-10-23 15:05:48:', 'GET', 'Resolving URL: /']
DEBUG: 2024-10-23 15:05:48,546: ['2024-10-23 15:05:48:', 'GET', 'Resolving URL: /']
DEBUG: 2024-10-23 15:05:48,546: ['2024-10-23 15:05:48:', 'GET', 'Resolving URL: /']
DEBUG: 2024-10-23 15:05:48,546: ['2024-10-23 15:05:48:', 'GET', 'Resolving URL: /']
DEBUG: 2024-10-23 15:05:48,546: ['2024-10-23 15:05:48:', 'GET', 'Resolving URL: /']
DEBUG: 2024-10-23 15:05:48,551: ['2024-10-23 15:05:48:', 'GET', 'Resolving URL: /']
DEBUG: 2024-10-23 15:05:48,551: ['2024-10-23 15:05:48:', 'GET', 'Resolving URL: /']
DEBUG: 2024-10-23 15:05:48,551: ['2024-10-23 15:05:48:', 'GET', 'Resolving URL: /']
DEBUG: 2024-10-23 15:05:48,551: ['2024-10-23 15:05:48:', 'GET', 'Resolving URL: /']
DEBUG: 2024-10-23 15:05:48,551: ['2024-10-23 15:05:48:', 'GET', 'Resolving URL: /']
DEBUG: 2024-10-23 15:05:48,551: ['2024-10-23 15:05:48:', 'GET', 'Resolving URL: /']
DEBUG: 2024-10-23 15:05:48,551: ['2024-10-23 15:05:48:', 'GET', 'Resolving URL: /']
DEBUG: 2024-10-23 15:05:48,551: ['2024-10-23 15:05:48:', 'GET', 'Resolving URL: /']
DEBUG: 2024-10-23 15:05:48,551: ['2024-10-23 15:05:48:', 'GET', 'Resolving URL: /']
DEBUG: 2024-10-23 15:05:48,551: ['2024-10-23 15:05:48:', 'GET', 'Resolving URL: /']
DEBUG: 2024-10-23 15:05:48,551: ['2024-10-23 15:05:48:', 'GET', 'Resolving URL: /']
DEBUG: 2024-10-23 15:05:48,551: ['2024-10-23 15:05:48:', 'GET', 'Resolving URL: /']
DEBUG: 2024-10-23 15:05:48,551: ['2024-10-23 15:05:48:', 'GET', 'Resolving URL: /']
DEBUG: 2024-10-23 15:05:48,551: ['2024-10-23 15:05:48:', 'GET', 'Resolving URL: /']
DEBUG: 2024-10-23 15:05:48,551: ['2024-10-23 15:05:48:', 'GET', 'Resolving URL: /']
DEBUG: 2024-10-23 15:05:48,551: ['2024-10-23 15:05:48:', 'GET', 'Resolving URL: /']
DEBUG: 2024-10-23 15:05:48,551: ['2024-10-23 15:05:48:', 'GET', 'Resolving URL: /']
DEBUG: 2024-10-23 15:05:48,551: ['2024-10-23 15:05:48:', 'GET', 'Resolving URL: /']
DEBUG: 2024-10-23 15:05:48,551: ['2024-10-23 15:05:48:', 'GET', 'Resolving URL: /']
DEBUG: 2024-10-23 15:05:48,551: ['2024-10-23 15:05:48:', 'GET', 'Resolving URL: /']
DEBUG: 2024-10-23 15:05:48,551: ['2024-10-23 15:05:48:', 'GET', 'Resolving URL: /']
DEBUG: 2024-10-23 15:05:48,556: ['2024-10-23 15:05:48:', 'GET', 'Resolving URL: /']
DEBUG: 2024-10-23 15:05:48,556: ['2024-10-23 15:05:48:', 'GET', 'Resolving URL: /']
DEBUG: 2024-10-23 15:05:48,556: ['2024-10-23 15:05:48:', 'GET', 'Resolving URL: /']
DEBUG: 2024-10-23 15:05:48,556: ['2024-10-23 15:05:48:', 'GET', 'Resolving URL: /']
DEBUG: 2024-10-23 15:05:48,556: ['2024-10-23 15:05:48:', 'GET', 'Resolving URL: /']
DEBUG: 2024-10-23 15:05:48,556: ['2024-10-23 15:05:48:', 'GET', 'Resolving URL: /']
DEBUG: 2024-10-23 15:05:48,556: ['2024-10-23 15:05:48:', 'GET', 'Resolving URL: /']
DEBUG: 2024-10-23 15:05:48,556: ['2024-10-23 15:05:48:', 'GET', 'Resolving URL: /']
DEBUG: 2024-10-23 15:05:48,556: ['2024-10-23 15:05:48:', 'GET', 'Resolving URL: /']
DEBUG: 2024-10-23 15:05:48,556: ['2024-10-23 15:05:48:', 'GET', 'Resolving URL: /']
DEBUG: 2024-10-23 15:05:48,556: ['2024-10-23 15:05:48:', 'GET', 'Resolving URL: /']
DEBUG: 2024-10-23 15:05:48,556: ['2024-10-23 15:05:48:', 'GET', 'Resolving URL: /']
DEBUG: 2024-10-23 15:05:48,556: ['2024-10-23 15:05:48:', 'GET', 'Resolving URL: /']
DEBUG: 2024-10-23 15:05:48,556: ['2024-10-23 15:05:48:', 'GET', 'Resolving URL: /']
DEBUG: 2024-10-23 15:05:48,556: ['2024-10-23 15:05:48:', 'GET', 'Resolving URL: /']
DEBUG: 2024-10-23 15:05:48,556: ['2024-10-23 15:05:48:', 'GET', 'Resolving URL: /']
DEBUG: 2024-10-23 15:05:48,556: ['2024-10-23 15:05:48:', 'GET', 'Resolving URL: /']
DEBUG: 2024-10-23 15:05:48,556: ['2024-10-23 15:05:48:', 'GET', 'Resolving URL: /']
DEBUG: 2024-10-23 15:05:48,556: ['2024-10-23 15:05:48:', 'GET', 'Resolving URL: /']
DEBUG: 2024-10-23 15:05:48,556: ['2024-10-23 15:05:48:', 'GET', 'Resolving URL: /']
DEBUG: 2024-10-23 15:05:48,556: ['2024-10-23 15:05:48:', 'GET', 'Resolving URL: /']
DEBUG: 2024-10-23 15:05:48,556: ['2024-10-23 15:05:48:', 'GET', 'Resolving URL: /']
DEBUG: 2024-10-23 15:05:49,566: ['2024-10-23 15:05:49:', 'GET', 'Resolving URL: /service-worker.js']
DEBUG: 2024-10-23 15:05:49,566: ['2024-10-23 15:05:49:', 'GET', 'Resolving URL: /service-worker.js']
DEBUG: 2024-10-23 15:05:49,566: ['2024-10-23 15:05:49:', 'GET', 'Resolving URL: /service-worker.js']
DEBUG: 2024-10-23 15:05:49,566: ['2024-10-23 15:05:49:', 'GET', 'Resolving URL: /service-worker.js']
DEBUG: 2024-10-23 15:05:49,566: ['2024-10-23 15:05:49:', 'GET', 'Resolving URL: /service-worker.js']
DEBUG: 2024-10-23 15:05:49,566: ['2024-10-23 15:05:49:', 'GET', 'Resolving URL: /service-worker.js']
DEBUG: 2024-10-23 15:05:49,566: ['2024-10-23 15:05:49:', 'GET', 'Resolving URL: /service-worker.js']
DEBUG: 2024-10-23 15:05:49,566: ['2024-10-23 15:05:49:', 'GET', 'Resolving URL: /service-worker.js']
DEBUG: 2024-10-23 15:05:49,566: ['2024-10-23 15:05:49:', 'GET', 'Resolving URL: /service-worker.js']
DEBUG: 2024-10-23 15:05:49,566: ['2024-10-23 15:05:49:', 'GET', 'Resolving URL: /service-worker.js']
DEBUG: 2024-10-23 15:05:49,566: ['2024-10-23 15:05:49:', 'GET', 'Resolving URL: /service-worker.js']
DEBUG: 2024-10-23 15:05:49,566: ['2024-10-23 15:05:49:', 'GET', 'Resolving URL: /service-worker.js']
DEBUG: 2024-10-23 15:05:49,566: ['2024-10-23 15:05:49:', 'GET', 'Resolving URL: /service-worker.js']
DEBUG: 2024-10-23 15:05:49,566: ['2024-10-23 15:05:49:', 'GET', 'Resolving URL: /service-worker.js']
DEBUG: 2024-10-23 15:05:49,566: ['2024-10-23 15:05:49:', 'GET', 'Resolving URL: /service-worker.js']
DEBUG: 2024-10-23 15:05:49,566: ['2024-10-23 15:05:49:', 'GET', 'Resolving URL: /service-worker.js']
DEBUG: 2024-10-23 15:05:49,566: ['2024-10-23 15:05:49:', 'GET', 'Resolving URL: /service-worker.js']
DEBUG: 2024-10-23 15:05:49,566: ['2024-10-23 15:05:49:', 'GET', 'Resolving URL: /service-worker.js']
DEBUG: 2024-10-23 15:05:49,566: ['2024-10-23 15:05:49:', 'GET', 'Resolving URL: /service-worker.js']
DEBUG: 2024-10-23 15:05:49,566: ['2024-10-23 15:05:49:', 'GET', 'Resolving URL: /service-worker.js']
DEBUG: 2024-10-23 15:05:49,566: ['2024-10-23 15:05:49:', 'GET', 'Resolving URL: /service-worker.js']
DEBUG: 2024-10-23 15:05:49,566: ['2024-10-23 15:05:49:', 'GET', 'Resolving URL: /service-worker.js']
DEBUG: 2024-10-23 15:05:49,566: ['2024-10-23 15:05:49:', 'GET', 'Resolving URL: /service-worker.js']
DEBUG: 2024-10-23 15:06:07,953: ['2024-10-23 15:06:07:', 'GET', 'Resolving URL: /']
DEBUG: 2024-10-23 15:06:07,953: ['2024-10-23 15:06:07:', 'GET', 'Resolving URL: /']
DEBUG: 2024-10-23 15:06:07,953: ['2024-10-23 15:06:07:', 'GET', 'Resolving URL: /']
DEBUG: 2024-10-23 15:06:07,953: ['2024-10-23 15:06:07:', 'GET', 'Resolving URL: /']
DEBUG: 2024-10-23 15:06:07,953: ['2024-10-23 15:06:07:', 'GET', 'Resolving URL: /']
DEBUG: 2024-10-23 15:06:07,953: ['2024-10-23 15:06:07:', 'GET', 'Resolving URL: /']
DEBUG: 2024-10-23 15:06:07,953: ['2024-10-23 15:06:07:', 'GET', 'Resolving URL: /']
DEBUG: 2024-10-23 15:06:07,953: ['2024-10-23 15:06:07:', 'GET', 'Resolving URL: /']
DEBUG: 2024-10-23 15:06:07,953: ['2024-10-23 15:06:07:', 'GET', 'Resolving URL: /']
DEBUG: 2024-10-23 15:06:07,953: ['2024-10-23 15:06:07:', 'GET', 'Resolving URL: /']
DEBUG: 2024-10-23 15:06:07,953: ['2024-10-23 15:06:07:', 'GET', 'Resolving URL: /']
DEBUG: 2024-10-23 15:06:07,953: ['2024-10-23 15:06:07:', 'GET', 'Resolving URL: /']
DEBUG: 2024-10-23 15:06:07,953: ['2024-10-23 15:06:07:', 'GET', 'Resolving URL: /']
DEBUG: 2024-10-23 15:06:07,953: ['2024-10-23 15:06:07:', 'GET', 'Resolving URL: /']
DEBUG: 2024-10-23 15:06:07,953: ['2024-10-23 15:06:07:', 'GET', 'Resolving URL: /']
DEBUG: 2024-10-23 15:06:07,953: ['2024-10-23 15:06:07:', 'GET', 'Resolving URL: /']
DEBUG: 2024-10-23 15:06:07,953: ['2024-10-23 15:06:07:', 'GET', 'Resolving URL: /']
DEBUG: 2024-10-23 15:06:07,953: ['2024-10-23 15:06:07:', 'GET', 'Resolving URL: /']
DEBUG: 2024-10-23 15:06:07,953: ['2024-10-23 15:06:07:', 'GET', 'Resolving URL: /']
DEBUG: 2024-10-23 15:06:07,953: ['2024-10-23 15:06:07:', 'GET', 'Resolving URL: /']
DEBUG: 2024-10-23 15:06:07,953: ['2024-10-23 15:06:07:', 'GET', 'Resolving URL: /']
DEBUG: 2024-10-23 15:06:07,953: ['2024-10-23 15:06:07:', 'GET', 'Resolving URL: /']
DEBUG: 2024-10-23 15:06:07,953: ['2024-10-23 15:06:07:', 'GET', 'Resolving URL: /']
DEBUG: 2024-10-23 15:06:07,953: ['2024-10-23 15:06:07:', 'GET', 'Resolving URL: /']
DEBUG: 2024-10-23 15:06:08,839: ['2024-10-23 15:06:08:', 'GET', 'Resolving URL: /']
DEBUG: 2024-10-23 15:06:08,839: ['2024-10-23 15:06:08:', 'GET', 'Resolving URL: /']
DEBUG: 2024-10-23 15:06:08,839: ['2024-10-23 15:06:08:', 'GET', 'Resolving URL: /']
DEBUG: 2024-10-23 15:06:08,839: ['2024-10-23 15:06:08:', 'GET', 'Resolving URL: /']
DEBUG: 2024-10-23 15:06:08,839: ['2024-10-23 15:06:08:', 'GET', 'Resolving URL: /']
DEBUG: 2024-10-23 15:06:08,839: ['2024-10-23 15:06:08:', 'GET', 'Resolving URL: /']
DEBUG: 2024-10-23 15:06:08,839: ['2024-10-23 15:06:08:', 'GET', 'Resolving URL: /']
DEBUG: 2024-10-23 15:06:08,839: ['2024-10-23 15:06:08:', 'GET', 'Resolving URL: /']
DEBUG: 2024-10-23 15:06:08,839: ['2024-10-23 15:06:08:', 'GET', 'Resolving URL: /']
DEBUG: 2024-10-23 15:06:08,839: ['2024-10-23 15:06:08:', 'GET', 'Resolving URL: /']
DEBUG: 2024-10-23 15:06:08,839: ['2024-10-23 15:06:08:', 'GET', 'Resolving URL: /']
DEBUG: 2024-10-23 15:06:08,839: ['2024-10-23 15:06:08:', 'GET', 'Resolving URL: /']
DEBUG: 2024-10-23 15:06:08,839: ['2024-10-23 15:06:08:', 'GET', 'Resolving URL: /']
DEBUG: 2024-10-23 15:06:08,839: ['2024-10-23 15:06:08:', 'GET', 'Resolving URL: /']
DEBUG: 2024-10-23 15:06:08,839: ['2024-10-23 15:06:08:', 'GET', 'Resolving URL: /']
DEBUG: 2024-10-23 15:06:08,839: ['2024-10-23 15:06:08:', 'GET', 'Resolving URL: /']
DEBUG: 2024-10-23 15:06:08,839: ['2024-10-23 15:06:08:', 'GET', 'Resolving URL: /']
DEBUG: 2024-10-23 15:06:08,839: ['2024-10-23 15:06:08:', 'GET', 'Resolving URL: /']
DEBUG: 2024-10-23 15:06:08,839: ['2024-10-23 15:06:08:', 'GET', 'Resolving URL: /']
DEBUG: 2024-10-23 15:06:08,839: ['2024-10-23 15:06:08:', 'GET', 'Resolving URL: /']
DEBUG: 2024-10-23 15:06:08,839: ['2024-10-23 15:06:08:', 'GET', 'Resolving URL: /']
DEBUG: 2024-10-23 15:06:08,839: ['2024-10-23 15:06:08:', 'GET', 'Resolving URL: /']
DEBUG: 2024-10-23 15:06:08,839: ['2024-10-23 15:06:08:', 'GET', 'Resolving URL: /']
DEBUG: 2024-10-23 15:06:08,839: ['2024-10-23 15:06:08:', 'GET', 'Resolving URL: /']
DEBUG: 2024-10-23 15:06:08,839: ['2024-10-23 15:06:08:', 'GET', 'Resolving URL: /']
DEBUG: 2024-10-23 15:06:08,843: ['2024-10-23 15:06:08:', 'GET', 'Resolving URL: /']
DEBUG: 2024-10-23 15:06:08,843: ['2024-10-23 15:06:08:', 'GET', 'Resolving URL: /']
DEBUG: 2024-10-23 15:06:08,843: ['2024-10-23 15:06:08:', 'GET', 'Resolving URL: /']
DEBUG: 2024-10-23 15:06:08,843: ['2024-10-23 15:06:08:', 'GET', 'Resolving URL: /']
DEBUG: 2024-10-23 15:06:08,843: ['2024-10-23 15:06:08:', 'GET', 'Resolving URL: /']
DEBUG: 2024-10-23 15:06:08,843: ['2024-10-23 15:06:08:', 'GET', 'Resolving URL: /']
DEBUG: 2024-10-23 15:06:08,843: ['2024-10-23 15:06:08:', 'GET', 'Resolving URL: /']
DEBUG: 2024-10-23 15:06:08,843: ['2024-10-23 15:06:08:', 'GET', 'Resolving URL: /']
DEBUG: 2024-10-23 15:06:08,843: ['2024-10-23 15:06:08:', 'GET', 'Resolving URL: /']
DEBUG: 2024-10-23 15:06:08,843: ['2024-10-23 15:06:08:', 'GET', 'Resolving URL: /']
DEBUG: 2024-10-23 15:06:08,843: ['2024-10-23 15:06:08:', 'GET', 'Resolving URL: /']
DEBUG: 2024-10-23 15:06:08,843: ['2024-10-23 15:06:08:', 'GET', 'Resolving URL: /']
DEBUG: 2024-10-23 15:06:08,843: ['2024-10-23 15:06:08:', 'GET', 'Resolving URL: /']
DEBUG: 2024-10-23 15:06:08,843: ['2024-10-23 15:06:08:', 'GET', 'Resolving URL: /']
DEBUG: 2024-10-23 15:06:08,843: ['2024-10-23 15:06:08:', 'GET', 'Resolving URL: /']
DEBUG: 2024-10-23 15:06:08,843: ['2024-10-23 15:06:08:', 'GET', 'Resolving URL: /']
DEBUG: 2024-10-23 15:06:08,843: ['2024-10-23 15:06:08:', 'GET', 'Resolving URL: /']
DEBUG: 2024-10-23 15:06:08,843: ['2024-10-23 15:06:08:', 'GET', 'Resolving URL: /']
DEBUG: 2024-10-23 15:06:08,843: ['2024-10-23 15:06:08:', 'GET', 'Resolving URL: /']
DEBUG: 2024-10-23 15:06:08,843: ['2024-10-23 15:06:08:', 'GET', 'Resolving URL: /']
DEBUG: 2024-10-23 15:06:08,843: ['2024-10-23 15:06:08:', 'GET', 'Resolving URL: /']
DEBUG: 2024-10-23 15:06:08,843: ['2024-10-23 15:06:08:', 'GET', 'Resolving URL: /']
DEBUG: 2024-10-23 15:06:08,843: ['2024-10-23 15:06:08:', 'GET', 'Resolving URL: /']
DEBUG: 2024-10-23 15:06:08,843: ['2024-10-23 15:06:08:', 'GET', 'Resolving URL: /']
DEBUG: 2024-10-23 15:06:08,843: ['2024-10-23 15:06:08:', 'GET', 'Resolving URL: /']
DEBUG: 2024-10-23 15:06:08,843: ['2024-10-23 15:06:08:', 'GET', 'Resolving URL: /']
DEBUG: 2024-10-23 15:06:09,136: ['2024-10-23 15:06:09:', 'GET', 'Resolving URL: /']
DEBUG: 2024-10-23 15:06:09,136: ['2024-10-23 15:06:09:', 'GET', 'Resolving URL: /']
DEBUG: 2024-10-23 15:06:09,136: ['2024-10-23 15:06:09:', 'GET', 'Resolving URL: /']
DEBUG: 2024-10-23 15:06:09,136: ['2024-10-23 15:06:09:', 'GET', 'Resolving URL: /']
DEBUG: 2024-10-23 15:06:09,136: ['2024-10-23 15:06:09:', 'GET', 'Resolving URL: /']
DEBUG: 2024-10-23 15:06:09,136: ['2024-10-23 15:06:09:', 'GET', 'Resolving URL: /']
DEBUG: 2024-10-23 15:06:09,136: ['2024-10-23 15:06:09:', 'GET', 'Resolving URL: /']
DEBUG: 2024-10-23 15:06:09,136: ['2024-10-23 15:06:09:', 'GET', 'Resolving URL: /']
DEBUG: 2024-10-23 15:06:09,136: ['2024-10-23 15:06:09:', 'GET', 'Resolving URL: /']
DEBUG: 2024-10-23 15:06:09,136: ['2024-10-23 15:06:09:', 'GET', 'Resolving URL: /']
DEBUG: 2024-10-23 15:06:09,136: ['2024-10-23 15:06:09:', 'GET', 'Resolving URL: /']
DEBUG: 2024-10-23 15:06:09,136: ['2024-10-23 15:06:09:', 'GET', 'Resolving URL: /']
DEBUG: 2024-10-23 15:06:09,136: ['2024-10-23 15:06:09:', 'GET', 'Resolving URL: /']
DEBUG: 2024-10-23 15:06:09,136: ['2024-10-23 15:06:09:', 'GET', 'Resolving URL: /']
DEBUG: 2024-10-23 15:06:09,136: ['2024-10-23 15:06:09:', 'GET', 'Resolving URL: /']
DEBUG: 2024-10-23 15:06:09,136: ['2024-10-23 15:06:09:', 'GET', 'Resolving URL: /']
DEBUG: 2024-10-23 15:06:09,136: ['2024-10-23 15:06:09:', 'GET', 'Resolving URL: /']
DEBUG: 2024-10-23 15:06:09,136: ['2024-10-23 15:06:09:', 'GET', 'Resolving URL: /']
DEBUG: 2024-10-23 15:06:09,136: ['2024-10-23 15:06:09:', 'GET', 'Resolving URL: /']
DEBUG: 2024-10-23 15:06:09,136: ['2024-10-23 15:06:09:', 'GET', 'Resolving URL: /']
DEBUG: 2024-10-23 15:06:09,136: ['2024-10-23 15:06:09:', 'GET', 'Resolving URL: /']
DEBUG: 2024-10-23 15:06:09,136: ['2024-10-23 15:06:09:', 'GET', 'Resolving URL: /']
DEBUG: 2024-10-23 15:06:09,136: ['2024-10-23 15:06:09:', 'GET', 'Resolving URL: /']
DEBUG: 2024-10-23 15:06:09,136: ['2024-10-23 15:06:09:', 'GET', 'Resolving URL: /']
DEBUG: 2024-10-23 15:06:09,136: ['2024-10-23 15:06:09:', 'GET', 'Resolving URL: /']
DEBUG: 2024-10-23 15:06:09,136: ['2024-10-23 15:06:09:', 'GET', 'Resolving URL: /']
DEBUG: 2024-10-23 15:06:09,136: ['2024-10-23 15:06:09:', 'GET', 'Resolving URL: /']
DEBUG: 2024-10-23 15:06:09,140: ['2024-10-23 15:06:09:', 'GET', 'Resolving URL: /']
DEBUG: 2024-10-23 15:06:09,140: ['2024-10-23 15:06:09:', 'GET', 'Resolving URL: /']
DEBUG: 2024-10-23 15:06:09,140: ['2024-10-23 15:06:09:', 'GET', 'Resolving URL: /']
DEBUG: 2024-10-23 15:06:09,140: ['2024-10-23 15:06:09:', 'GET', 'Resolving URL: /']
DEBUG: 2024-10-23 15:06:09,140: ['2024-10-23 15:06:09:', 'GET', 'Resolving URL: /']
DEBUG: 2024-10-23 15:06:09,140: ['2024-10-23 15:06:09:', 'GET', 'Resolving URL: /']
DEBUG: 2024-10-23 15:06:09,140: ['2024-10-23 15:06:09:', 'GET', 'Resolving URL: /']
DEBUG: 2024-10-23 15:06:09,140: ['2024-10-23 15:06:09:', 'GET', 'Resolving URL: /']
DEBUG: 2024-10-23 15:06:09,140: ['2024-10-23 15:06:09:', 'GET', 'Resolving URL: /']
DEBUG: 2024-10-23 15:06:09,140: ['2024-10-23 15:06:09:', 'GET', 'Resolving URL: /']
DEBUG: 2024-10-23 15:06:09,140: ['2024-10-23 15:06:09:', 'GET', 'Resolving URL: /']
DEBUG: 2024-10-23 15:06:09,140: ['2024-10-23 15:06:09:', 'GET', 'Resolving URL: /']
DEBUG: 2024-10-23 15:06:09,140: ['2024-10-23 15:06:09:', 'GET', 'Resolving URL: /']
DEBUG: 2024-10-23 15:06:09,140: ['2024-10-23 15:06:09:', 'GET', 'Resolving URL: /']
DEBUG: 2024-10-23 15:06:09,140: ['2024-10-23 15:06:09:', 'GET', 'Resolving URL: /']
DEBUG: 2024-10-23 15:06:09,140: ['2024-10-23 15:06:09:', 'GET', 'Resolving URL: /']
DEBUG: 2024-10-23 15:06:09,140: ['2024-10-23 15:06:09:', 'GET', 'Resolving URL: /']
DEBUG: 2024-10-23 15:06:09,140: ['2024-10-23 15:06:09:', 'GET', 'Resolving URL: /']
DEBUG: 2024-10-23 15:06:09,140: ['2024-10-23 15:06:09:', 'GET', 'Resolving URL: /']
DEBUG: 2024-10-23 15:06:09,140: ['2024-10-23 15:06:09:', 'GET', 'Resolving URL: /']
DEBUG: 2024-10-23 15:06:09,140: ['2024-10-23 15:06:09:', 'GET', 'Resolving URL: /']
DEBUG: 2024-10-23 15:06:09,140: ['2024-10-23 15:06:09:', 'GET', 'Resolving URL: /']
DEBUG: 2024-10-23 15:06:09,140: ['2024-10-23 15:06:09:', 'GET', 'Resolving URL: /']
DEBUG: 2024-10-23 15:06:09,140: ['2024-10-23 15:06:09:', 'GET', 'Resolving URL: /']
DEBUG: 2024-10-23 15:06:09,140: ['2024-10-23 15:06:09:', 'GET', 'Resolving URL: /']
DEBUG: 2024-10-23 15:06:09,140: ['2024-10-23 15:06:09:', 'GET', 'Resolving URL: /']
DEBUG: 2024-10-23 15:06:09,140: ['2024-10-23 15:06:09:', 'GET', 'Resolving URL: /']
DEBUG: 2024-10-23 15:06:09,140: ['2024-10-23 15:06:09:', 'GET', 'Resolving URL: /']
DEBUG: 2024-10-23 15:06:09,144: ['2024-10-23 15:06:09:', 'GET', 'Resolving URL: /']
DEBUG: 2024-10-23 15:06:09,144: ['2024-10-23 15:06:09:', 'GET', 'Resolving URL: /']
DEBUG: 2024-10-23 15:06:09,144: ['2024-10-23 15:06:09:', 'GET', 'Resolving URL: /']
DEBUG: 2024-10-23 15:06:09,144: ['2024-10-23 15:06:09:', 'GET', 'Resolving URL: /']
DEBUG: 2024-10-23 15:06:09,144: ['2024-10-23 15:06:09:', 'GET', 'Resolving URL: /']
DEBUG: 2024-10-23 15:06:09,144: ['2024-10-23 15:06:09:', 'GET', 'Resolving URL: /']
DEBUG: 2024-10-23 15:06:09,144: ['2024-10-23 15:06:09:', 'GET', 'Resolving URL: /']
DEBUG: 2024-10-23 15:06:09,144: ['2024-10-23 15:06:09:', 'GET', 'Resolving URL: /']
DEBUG: 2024-10-23 15:06:09,144: ['2024-10-23 15:06:09:', 'GET', 'Resolving URL: /']
DEBUG: 2024-10-23 15:06:09,144: ['2024-10-23 15:06:09:', 'GET', 'Resolving URL: /']
DEBUG: 2024-10-23 15:06:09,144: ['2024-10-23 15:06:09:', 'GET', 'Resolving URL: /']
DEBUG: 2024-10-23 15:06:09,144: ['2024-10-23 15:06:09:', 'GET', 'Resolving URL: /']
DEBUG: 2024-10-23 15:06:09,144: ['2024-10-23 15:06:09:', 'GET', 'Resolving URL: /']
DEBUG: 2024-10-23 15:06:09,144: ['2024-10-23 15:06:09:', 'GET', 'Resolving URL: /']
DEBUG: 2024-10-23 15:06:09,144: ['2024-10-23 15:06:09:', 'GET', 'Resolving URL: /']
DEBUG: 2024-10-23 15:06:09,144: ['2024-10-23 15:06:09:', 'GET', 'Resolving URL: /']
DEBUG: 2024-10-23 15:06:09,144: ['2024-10-23 15:06:09:', 'GET', 'Resolving URL: /']
DEBUG: 2024-10-23 15:06:09,144: ['2024-10-23 15:06:09:', 'GET', 'Resolving URL: /']
DEBUG: 2024-10-23 15:06:09,144: ['2024-10-23 15:06:09:', 'GET', 'Resolving URL: /']
DEBUG: 2024-10-23 15:06:09,144: ['2024-10-23 15:06:09:', 'GET', 'Resolving URL: /']
DEBUG: 2024-10-23 15:06:09,144: ['2024-10-23 15:06:09:', 'GET', 'Resolving URL: /']
DEBUG: 2024-10-23 15:06:09,144: ['2024-10-23 15:06:09:', 'GET', 'Resolving URL: /']
DEBUG: 2024-10-23 15:06:09,144: ['2024-10-23 15:06:09:', 'GET', 'Resolving URL: /']
DEBUG: 2024-10-23 15:06:09,144: ['2024-10-23 15:06:09:', 'GET', 'Resolving URL: /']
DEBUG: 2024-10-23 15:06:09,144: ['2024-10-23 15:06:09:', 'GET', 'Resolving URL: /']
DEBUG: 2024-10-23 15:06:09,144: ['2024-10-23 15:06:09:', 'GET', 'Resolving URL: /']
DEBUG: 2024-10-23 15:06:09,144: ['2024-10-23 15:06:09:', 'GET', 'Resolving URL: /']
DEBUG: 2024-10-23 15:06:09,144: ['2024-10-23 15:06:09:', 'GET', 'Resolving URL: /']
DEBUG: 2024-10-23 15:06:09,144: ['2024-10-23 15:06:09:', 'GET', 'Resolving URL: /']
DEBUG: 2024-10-23 15:06:09,434: ['2024-10-23 15:06:09:', 'GET', 'Resolving URL: /']
DEBUG: 2024-10-23 15:06:09,434: ['2024-10-23 15:06:09:', 'GET', 'Resolving URL: /']
DEBUG: 2024-10-23 15:06:09,434: ['2024-10-23 15:06:09:', 'GET', 'Resolving URL: /']
DEBUG: 2024-10-23 15:06:09,434: ['2024-10-23 15:06:09:', 'GET', 'Resolving URL: /']
DEBUG: 2024-10-23 15:06:09,434: ['2024-10-23 15:06:09:', 'GET', 'Resolving URL: /']
DEBUG: 2024-10-23 15:06:09,434: ['2024-10-23 15:06:09:', 'GET', 'Resolving URL: /']
DEBUG: 2024-10-23 15:06:09,434: ['2024-10-23 15:06:09:', 'GET', 'Resolving URL: /']
DEBUG: 2024-10-23 15:06:09,434: ['2024-10-23 15:06:09:', 'GET', 'Resolving URL: /']
DEBUG: 2024-10-23 15:06:09,434: ['2024-10-23 15:06:09:', 'GET', 'Resolving URL: /']
DEBUG: 2024-10-23 15:06:09,434: ['2024-10-23 15:06:09:', 'GET', 'Resolving URL: /']
DEBUG: 2024-10-23 15:06:09,434: ['2024-10-23 15:06:09:', 'GET', 'Resolving URL: /']
DEBUG: 2024-10-23 15:06:09,434: ['2024-10-23 15:06:09:', 'GET', 'Resolving URL: /']
DEBUG: 2024-10-23 15:06:09,434: ['2024-10-23 15:06:09:', 'GET', 'Resolving URL: /']
DEBUG: 2024-10-23 15:06:09,434: ['2024-10-23 15:06:09:', 'GET', 'Resolving URL: /']
DEBUG: 2024-10-23 15:06:09,434: ['2024-10-23 15:06:09:', 'GET', 'Resolving URL: /']
DEBUG: 2024-10-23 15:06:09,434: ['2024-10-23 15:06:09:', 'GET', 'Resolving URL: /']
DEBUG: 2024-10-23 15:06:09,434: ['2024-10-23 15:06:09:', 'GET', 'Resolving URL: /']
DEBUG: 2024-10-23 15:06:09,434: ['2024-10-23 15:06:09:', 'GET', 'Resolving URL: /']
DEBUG: 2024-10-23 15:06:09,434: ['2024-10-23 15:06:09:', 'GET', 'Resolving URL: /']
DEBUG: 2024-10-23 15:06:09,434: ['2024-10-23 15:06:09:', 'GET', 'Resolving URL: /']
DEBUG: 2024-10-23 15:06:09,434: ['2024-10-23 15:06:09:', 'GET', 'Resolving URL: /']
DEBUG: 2024-10-23 15:06:09,434: ['2024-10-23 15:06:09:', 'GET', 'Resolving URL: /']
DEBUG: 2024-10-23 15:06:09,434: ['2024-10-23 15:06:09:', 'GET', 'Resolving URL: /']
DEBUG: 2024-10-23 15:06:09,434: ['2024-10-23 15:06:09:', 'GET', 'Resolving URL: /']
DEBUG: 2024-10-23 15:06:09,434: ['2024-10-23 15:06:09:', 'GET', 'Resolving URL: /']
DEBUG: 2024-10-23 15:06:09,434: ['2024-10-23 15:06:09:', 'GET', 'Resolving URL: /']
DEBUG: 2024-10-23 15:06:09,434: ['2024-10-23 15:06:09:', 'GET', 'Resolving URL: /']
DEBUG: 2024-10-23 15:06:09,434: ['2024-10-23 15:06:09:', 'GET', 'Resolving URL: /']
DEBUG: 2024-10-23 15:06:09,434: ['2024-10-23 15:06:09:', 'GET', 'Resolving URL: /']
DEBUG: 2024-10-23 15:06:09,434: ['2024-10-23 15:06:09:', 'GET', 'Resolving URL: /']
DEBUG: 2024-10-23 15:06:09,440: ['2024-10-23 15:06:09:', 'GET', 'Resolving URL: /']
DEBUG: 2024-10-23 15:06:09,440: ['2024-10-23 15:06:09:', 'GET', 'Resolving URL: /']
DEBUG: 2024-10-23 15:06:09,440: ['2024-10-23 15:06:09:', 'GET', 'Resolving URL: /']
DEBUG: 2024-10-23 15:06:09,440: ['2024-10-23 15:06:09:', 'GET', 'Resolving URL: /']
DEBUG: 2024-10-23 15:06:09,440: ['2024-10-23 15:06:09:', 'GET', 'Resolving URL: /']
DEBUG: 2024-10-23 15:06:09,440: ['2024-10-23 15:06:09:', 'GET', 'Resolving URL: /']
DEBUG: 2024-10-23 15:06:09,440: ['2024-10-23 15:06:09:', 'GET', 'Resolving URL: /']
DEBUG: 2024-10-23 15:06:09,440: ['2024-10-23 15:06:09:', 'GET', 'Resolving URL: /']
DEBUG: 2024-10-23 15:06:09,440: ['2024-10-23 15:06:09:', 'GET', 'Resolving URL: /']
DEBUG: 2024-10-23 15:06:09,440: ['2024-10-23 15:06:09:', 'GET', 'Resolving URL: /']
DEBUG: 2024-10-23 15:06:09,440: ['2024-10-23 15:06:09:', 'GET', 'Resolving URL: /']
DEBUG: 2024-10-23 15:06:09,440: ['2024-10-23 15:06:09:', 'GET', 'Resolving URL: /']
DEBUG: 2024-10-23 15:06:09,440: ['2024-10-23 15:06:09:', 'GET', 'Resolving URL: /']
DEBUG: 2024-10-23 15:06:09,440: ['2024-10-23 15:06:09:', 'GET', 'Resolving URL: /']
DEBUG: 2024-10-23 15:06:09,440: ['2024-10-23 15:06:09:', 'GET', 'Resolving URL: /']
DEBUG: 2024-10-23 15:06:09,440: ['2024-10-23 15:06:09:', 'GET', 'Resolving URL: /']
DEBUG: 2024-10-23 15:06:09,440: ['2024-10-23 15:06:09:', 'GET', 'Resolving URL: /']
DEBUG: 2024-10-23 15:06:09,440: ['2024-10-23 15:06:09:', 'GET', 'Resolving URL: /']
DEBUG: 2024-10-23 15:06:09,440: ['2024-10-23 15:06:09:', 'GET', 'Resolving URL: /']
DEBUG: 2024-10-23 15:06:09,440: ['2024-10-23 15:06:09:', 'GET', 'Resolving URL: /']
DEBUG: 2024-10-23 15:06:09,440: ['2024-10-23 15:06:09:', 'GET', 'Resolving URL: /']
DEBUG: 2024-10-23 15:06:09,440: ['2024-10-23 15:06:09:', 'GET', 'Resolving URL: /']
DEBUG: 2024-10-23 15:06:09,440: ['2024-10-23 15:06:09:', 'GET', 'Resolving URL: /']
DEBUG: 2024-10-23 15:06:09,440: ['2024-10-23 15:06:09:', 'GET', 'Resolving URL: /']
DEBUG: 2024-10-23 15:06:09,440: ['2024-10-23 15:06:09:', 'GET', 'Resolving URL: /']
DEBUG: 2024-10-23 15:06:09,440: ['2024-10-23 15:06:09:', 'GET', 'Resolving URL: /']
DEBUG: 2024-10-23 15:06:09,440: ['2024-10-23 15:06:09:', 'GET', 'Resolving URL: /']
DEBUG: 2024-10-23 15:06:09,440: ['2024-10-23 15:06:09:', 'GET', 'Resolving URL: /']
DEBUG: 2024-10-23 15:06:09,440: ['2024-10-23 15:06:09:', 'GET', 'Resolving URL: /']
DEBUG: 2024-10-23 15:06:09,440: ['2024-10-23 15:06:09:', 'GET', 'Resolving URL: /']
DEBUG: 2024-10-23 15:06:09,440: ['2024-10-23 15:06:09:', 'GET', 'Resolving URL: /']
DEBUG: 2024-10-23 15:06:09,444: ['2024-10-23 15:06:09:', 'GET', 'Resolving URL: /']
DEBUG: 2024-10-23 15:06:09,444: ['2024-10-23 15:06:09:', 'GET', 'Resolving URL: /']
DEBUG: 2024-10-23 15:06:09,444: ['2024-10-23 15:06:09:', 'GET', 'Resolving URL: /']
DEBUG: 2024-10-23 15:06:09,444: ['2024-10-23 15:06:09:', 'GET', 'Resolving URL: /']
DEBUG: 2024-10-23 15:06:09,444: ['2024-10-23 15:06:09:', 'GET', 'Resolving URL: /']
DEBUG: 2024-10-23 15:06:09,444: ['2024-10-23 15:06:09:', 'GET', 'Resolving URL: /']
DEBUG: 2024-10-23 15:06:09,444: ['2024-10-23 15:06:09:', 'GET', 'Resolving URL: /']
DEBUG: 2024-10-23 15:06:09,444: ['2024-10-23 15:06:09:', 'GET', 'Resolving URL: /']
DEBUG: 2024-10-23 15:06:09,444: ['2024-10-23 15:06:09:', 'GET', 'Resolving URL: /']
DEBUG: 2024-10-23 15:06:09,444: ['2024-10-23 15:06:09:', 'GET', 'Resolving URL: /']
DEBUG: 2024-10-23 15:06:09,444: ['2024-10-23 15:06:09:', 'GET', 'Resolving URL: /']
DEBUG: 2024-10-23 15:06:09,444: ['2024-10-23 15:06:09:', 'GET', 'Resolving URL: /']
DEBUG: 2024-10-23 15:06:09,444: ['2024-10-23 15:06:09:', 'GET', 'Resolving URL: /']
DEBUG: 2024-10-23 15:06:09,444: ['2024-10-23 15:06:09:', 'GET', 'Resolving URL: /']
DEBUG: 2024-10-23 15:06:09,444: ['2024-10-23 15:06:09:', 'GET', 'Resolving URL: /']
DEBUG: 2024-10-23 15:06:09,444: ['2024-10-23 15:06:09:', 'GET', 'Resolving URL: /']
DEBUG: 2024-10-23 15:06:09,444: ['2024-10-23 15:06:09:', 'GET', 'Resolving URL: /']
DEBUG: 2024-10-23 15:06:09,444: ['2024-10-23 15:06:09:', 'GET', 'Resolving URL: /']
DEBUG: 2024-10-23 15:06:09,444: ['2024-10-23 15:06:09:', 'GET', 'Resolving URL: /']
DEBUG: 2024-10-23 15:06:09,444: ['2024-10-23 15:06:09:', 'GET', 'Resolving URL: /']
DEBUG: 2024-10-23 15:06:09,444: ['2024-10-23 15:06:09:', 'GET', 'Resolving URL: /']
DEBUG: 2024-10-23 15:06:09,444: ['2024-10-23 15:06:09:', 'GET', 'Resolving URL: /']
DEBUG: 2024-10-23 15:06:09,444: ['2024-10-23 15:06:09:', 'GET', 'Resolving URL: /']
DEBUG: 2024-10-23 15:06:09,444: ['2024-10-23 15:06:09:', 'GET', 'Resolving URL: /']
DEBUG: 2024-10-23 15:06:09,444: ['2024-10-23 15:06:09:', 'GET', 'Resolving URL: /']
DEBUG: 2024-10-23 15:06:09,444: ['2024-10-23 15:06:09:', 'GET', 'Resolving URL: /']
DEBUG: 2024-10-23 15:06:09,444: ['2024-10-23 15:06:09:', 'GET', 'Resolving URL: /']
DEBUG: 2024-10-23 15:06:09,444: ['2024-10-23 15:06:09:', 'GET', 'Resolving URL: /']
DEBUG: 2024-10-23 15:06:09,444: ['2024-10-23 15:06:09:', 'GET', 'Resolving URL: /']
DEBUG: 2024-10-23 15:06:09,444: ['2024-10-23 15:06:09:', 'GET', 'Resolving URL: /']
DEBUG: 2024-10-23 15:06:09,444: ['2024-10-23 15:06:09:', 'GET', 'Resolving URL: /']
DEBUG: 2024-10-23 15:06:09,444: ['2024-10-23 15:06:09:', 'GET', 'Resolving URL: /']
DEBUG: 2024-10-23 15:06:10,475: ['2024-10-23 15:06:10:', 'Session expired, starting a new one']
DEBUG: 2024-10-23 15:06:10,475: ['2024-10-23 15:06:10:', 'Session expired, starting a new one']
DEBUG: 2024-10-23 15:06:10,475: ['2024-10-23 15:06:10:', 'Session expired, starting a new one']
DEBUG: 2024-10-23 15:06:10,475: ['2024-10-23 15:06:10:', 'Session expired, starting a new one']
DEBUG: 2024-10-23 15:06:10,475: ['2024-10-23 15:06:10:', 'Session expired, starting a new one']
DEBUG: 2024-10-23 15:06:10,475: ['2024-10-23 15:06:10:', 'Session expired, starting a new one']
DEBUG: 2024-10-23 15:06:10,475: ['2024-10-23 15:06:10:', 'Session expired, starting a new one']
DEBUG: 2024-10-23 15:06:10,475: ['2024-10-23 15:06:10:', 'Session expired, starting a new one']
DEBUG: 2024-10-23 15:06:10,475: ['2024-10-23 15:06:10:', 'Session expired, starting a new one']
DEBUG: 2024-10-23 15:06:10,475: ['2024-10-23 15:06:10:', 'Session expired, starting a new one']
DEBUG: 2024-10-23 15:06:10,475: ['2024-10-23 15:06:10:', 'Session expired, starting a new one']
DEBUG: 2024-10-23 15:06:10,475: ['2024-10-23 15:06:10:', 'Session expired, starting a new one']
DEBUG: 2024-10-23 15:06:10,475: ['2024-10-23 15:06:10:', 'Session expired, starting a new one']
DEBUG: 2024-10-23 15:06:10,475: ['2024-10-23 15:06:10:', 'Session expired, starting a new one']
DEBUG: 2024-10-23 15:06:10,475: ['2024-10-23 15:06:10:', 'Session expired, starting a new one']
DEBUG: 2024-10-23 15:06:10,475: ['2024-10-23 15:06:10:', 'Session expired, starting a new one']
DEBUG: 2024-10-23 15:06:10,475: ['2024-10-23 15:06:10:', 'Session expired, starting a new one']
DEBUG: 2024-10-23 15:06:10,475: ['2024-10-23 15:06:10:', 'Session expired, starting a new one']
DEBUG: 2024-10-23 15:06:10,475: ['2024-10-23 15:06:10:', 'Session expired, starting a new one']
DEBUG: 2024-10-23 15:06:10,475: ['2024-10-23 15:06:10:', 'Session expired, starting a new one']
DEBUG: 2024-10-23 15:06:10,475: ['2024-10-23 15:06:10:', 'Session expired, starting a new one']
DEBUG: 2024-10-23 15:06:10,475: ['2024-10-23 15:06:10:', 'Session expired, starting a new one']
DEBUG: 2024-10-23 15:06:10,475: ['2024-10-23 15:06:10:', 'Session expired, starting a new one']
DEBUG: 2024-10-23 15:06:10,475: ['2024-10-23 15:06:10:', 'Session expired, starting a new one']
DEBUG: 2024-10-23 15:06:10,475: ['2024-10-23 15:06:10:', 'Session expired, starting a new one']
DEBUG: 2024-10-23 15:06:10,475: ['2024-10-23 15:06:10:', 'Session expired, starting a new one']
DEBUG: 2024-10-23 15:06:10,475: ['2024-10-23 15:06:10:', 'Session expired, starting a new one']
DEBUG: 2024-10-23 15:06:10,475: ['2024-10-23 15:06:10:', 'Session expired, starting a new one']
DEBUG: 2024-10-23 15:06:10,475: ['2024-10-23 15:06:10:', 'Session expired, starting a new one']
DEBUG: 2024-10-23 15:06:10,475: ['2024-10-23 15:06:10:', 'Session expired, starting a new one']
DEBUG: 2024-10-23 15:06:10,475: ['2024-10-23 15:06:10:', 'Session expired, starting a new one']
DEBUG: 2024-10-23 15:06:10,475: ['2024-10-23 15:06:10:', 'Session expired, starting a new one']
DEBUG: 2024-10-23 15:06:10,475: ['2024-10-23 15:06:10:', 'Session expired, starting a new one']
DEBUG: 2024-10-23 15:06:10,482: ['2024-10-23 15:06:10:', 'Session expired, starting a new one']
DEBUG: 2024-10-23 15:06:10,482: ['2024-10-23 15:06:10:', 'Session expired, starting a new one']
DEBUG: 2024-10-23 15:06:10,482: ['2024-10-23 15:06:10:', 'Session expired, starting a new one']
DEBUG: 2024-10-23 15:06:10,482: ['2024-10-23 15:06:10:', 'Session expired, starting a new one']
DEBUG: 2024-10-23 15:06:10,482: ['2024-10-23 15:06:10:', 'Session expired, starting a new one']
DEBUG: 2024-10-23 15:06:10,482: ['2024-10-23 15:06:10:', 'Session expired, starting a new one']
DEBUG: 2024-10-23 15:06:10,482: ['2024-10-23 15:06:10:', 'Session expired, starting a new one']
DEBUG: 2024-10-23 15:06:10,482: ['2024-10-23 15:06:10:', 'Session expired, starting a new one']
DEBUG: 2024-10-23 15:06:10,482: ['2024-10-23 15:06:10:', 'Session expired, starting a new one']
DEBUG: 2024-10-23 15:06:10,482: ['2024-10-23 15:06:10:', 'Session expired, starting a new one']
DEBUG: 2024-10-23 15:06:10,482: ['2024-10-23 15:06:10:', 'Session expired, starting a new one']
DEBUG: 2024-10-23 15:06:10,482: ['2024-10-23 15:06:10:', 'Session expired, starting a new one']
DEBUG: 2024-10-23 15:06:10,482: ['2024-10-23 15:06:10:', 'Session expired, starting a new one']
DEBUG: 2024-10-23 15:06:10,482: ['2024-10-23 15:06:10:', 'Session expired, starting a new one']
DEBUG: 2024-10-23 15:06:10,482: ['2024-10-23 15:06:10:', 'Session expired, starting a new one']
DEBUG: 2024-10-23 15:06:10,482: ['2024-10-23 15:06:10:', 'Session expired, starting a new one']
DEBUG: 2024-10-23 15:06:10,482: ['2024-10-23 15:06:10:', 'Session expired, starting a new one']
DEBUG: 2024-10-23 15:06:10,482: ['2024-10-23 15:06:10:', 'Session expired, starting a new one']
DEBUG: 2024-10-23 15:06:10,482: ['2024-10-23 15:06:10:', 'Session expired, starting a new one']
DEBUG: 2024-10-23 15:06:10,482: ['2024-10-23 15:06:10:', 'Session expired, starting a new one']
DEBUG: 2024-10-23 15:06:10,482: ['2024-10-23 15:06:10:', 'Session expired, starting a new one']
DEBUG: 2024-10-23 15:06:10,482: ['2024-10-23 15:06:10:', 'Session expired, starting a new one']
DEBUG: 2024-10-23 15:06:10,482: ['2024-10-23 15:06:10:', 'Session expired, starting a new one']
DEBUG: 2024-10-23 15:06:10,482: ['2024-10-23 15:06:10:', 'Session expired, starting a new one']
DEBUG: 2024-10-23 15:06:10,482: ['2024-10-23 15:06:10:', 'Session expired, starting a new one']
DEBUG: 2024-10-23 15:06:10,482: ['2024-10-23 15:06:10:', 'Session expired, starting a new one']
DEBUG: 2024-10-23 15:06:10,482: ['2024-10-23 15:06:10:', 'Session expired, starting a new one']
DEBUG: 2024-10-23 15:06:10,482: ['2024-10-23 15:06:10:', 'Session expired, starting a new one']
DEBUG: 2024-10-23 15:06:10,482: ['2024-10-23 15:06:10:', 'Session expired, starting a new one']
DEBUG: 2024-10-23 15:06:10,482: ['2024-10-23 15:06:10:', 'Session expired, starting a new one']
DEBUG: 2024-10-23 15:06:10,482: ['2024-10-23 15:06:10:', 'Session expired, starting a new one']
DEBUG: 2024-10-23 15:06:10,482: ['2024-10-23 15:06:10:', 'Session expired, starting a new one']
DEBUG: 2024-10-23 15:06:10,482: ['2024-10-23 15:06:10:', 'Session expired, starting a new one']
DEBUG: 2024-10-23 15:06:10,482: ['2024-10-23 15:06:10:', 'Session expired, starting a new one']
DEBUG: 2024-10-23 15:06:10,488: ['2024-10-23 15:06:10:', 'Session expired, starting a new one']
DEBUG: 2024-10-23 15:06:10,488: ['2024-10-23 15:06:10:', 'Session expired, starting a new one']
DEBUG: 2024-10-23 15:06:10,488: ['2024-10-23 15:06:10:', 'Session expired, starting a new one']
DEBUG: 2024-10-23 15:06:10,488: ['2024-10-23 15:06:10:', 'Session expired, starting a new one']
DEBUG: 2024-10-23 15:06:10,488: ['2024-10-23 15:06:10:', 'Session expired, starting a new one']
DEBUG: 2024-10-23 15:06:10,488: ['2024-10-23 15:06:10:', 'Session expired, starting a new one']
DEBUG: 2024-10-23 15:06:10,488: ['2024-10-23 15:06:10:', 'Session expired, starting a new one']
DEBUG: 2024-10-23 15:06:10,488: ['2024-10-23 15:06:10:', 'Session expired, starting a new one']
DEBUG: 2024-10-23 15:06:10,488: ['2024-10-23 15:06:10:', 'Session expired, starting a new one']
DEBUG: 2024-10-23 15:06:10,488: ['2024-10-23 15:06:10:', 'Session expired, starting a new one']
DEBUG: 2024-10-23 15:06:10,488: ['2024-10-23 15:06:10:', 'Session expired, starting a new one']
DEBUG: 2024-10-23 15:06:10,488: ['2024-10-23 15:06:10:', 'Session expired, starting a new one']
DEBUG: 2024-10-23 15:06:10,488: ['2024-10-23 15:06:10:', 'Session expired, starting a new one']
DEBUG: 2024-10-23 15:06:10,488: ['2024-10-23 15:06:10:', 'Session expired, starting a new one']
DEBUG: 2024-10-23 15:06:10,488: ['2024-10-23 15:06:10:', 'Session expired, starting a new one']
DEBUG: 2024-10-23 15:06:10,488: ['2024-10-23 15:06:10:', 'Session expired, starting a new one']
DEBUG: 2024-10-23 15:06:10,488: ['2024-10-23 15:06:10:', 'Session expired, starting a new one']
DEBUG: 2024-10-23 15:06:10,488: ['2024-10-23 15:06:10:', 'Session expired, starting a new one']
DEBUG: 2024-10-23 15:06:10,488: ['2024-10-23 15:06:10:', 'Session expired, starting a new one']
DEBUG: 2024-10-23 15:06:10,488: ['2024-10-23 15:06:10:', 'Session expired, starting a new one']
DEBUG: 2024-10-23 15:06:10,488: ['2024-10-23 15:06:10:', 'Session expired, starting a new one']
DEBUG: 2024-10-23 15:06:10,488: ['2024-10-23 15:06:10:', 'Session expired, starting a new one']
DEBUG: 2024-10-23 15:06:10,488: ['2024-10-23 15:06:10:', 'Session expired, starting a new one']
DEBUG: 2024-10-23 15:06:10,488: ['2024-10-23 15:06:10:', 'Session expired, starting a new one']
DEBUG: 2024-10-23 15:06:10,488: ['2024-10-23 15:06:10:', 'Session expired, starting a new one']
DEBUG: 2024-10-23 15:06:10,488: ['2024-10-23 15:06:10:', 'Session expired, starting a new one']
DEBUG: 2024-10-23 15:06:10,488: ['2024-10-23 15:06:10:', 'Session expired, starting a new one']
DEBUG: 2024-10-23 15:06:10,488: ['2024-10-23 15:06:10:', 'Session expired, starting a new one']
DEBUG: 2024-10-23 15:06:10,488: ['2024-10-23 15:06:10:', 'Session expired, starting a new one']
DEBUG: 2024-10-23 15:06:10,488: ['2024-10-23 15:06:10:', 'Session expired, starting a new one']
DEBUG: 2024-10-23 15:06:10,488: ['2024-10-23 15:06:10:', 'Session expired, starting a new one']
DEBUG: 2024-10-23 15:06:10,488: ['2024-10-23 15:06:10:', 'Session expired, starting a new one']
DEBUG: 2024-10-23 15:06:10,488: ['2024-10-23 15:06:10:', 'Session expired, starting a new one']
DEBUG: 2024-10-23 15:06:10,488: ['2024-10-23 15:06:10:', 'Session expired, starting a new one']
DEBUG: 2024-10-23 15:06:10,488: ['2024-10-23 15:06:10:', 'Session expired, starting a new one']
DEBUG: 2024-10-23 15:06:11,243: ['2024-10-23 15:06:11:', 'Session expired, starting a new one']
DEBUG: 2024-10-23 15:06:11,243: ['2024-10-23 15:06:11:', 'Session expired, starting a new one']
DEBUG: 2024-10-23 15:06:11,243: ['2024-10-23 15:06:11:', 'Session expired, starting a new one']
DEBUG: 2024-10-23 15:06:11,243: ['2024-10-23 15:06:11:', 'Session expired, starting a new one']
DEBUG: 2024-10-23 15:06:11,243: ['2024-10-23 15:06:11:', 'Session expired, starting a new one']
DEBUG: 2024-10-23 15:06:11,243: ['2024-10-23 15:06:11:', 'Session expired, starting a new one']
DEBUG: 2024-10-23 15:06:11,243: ['2024-10-23 15:06:11:', 'Session expired, starting a new one']
DEBUG: 2024-10-23 15:06:11,243: ['2024-10-23 15:06:11:', 'Session expired, starting a new one']
DEBUG: 2024-10-23 15:06:11,243: ['2024-10-23 15:06:11:', 'Session expired, starting a new one']
DEBUG: 2024-10-23 15:06:11,243: ['2024-10-23 15:06:11:', 'Session expired, starting a new one']
DEBUG: 2024-10-23 15:06:11,243: ['2024-10-23 15:06:11:', 'Session expired, starting a new one']
DEBUG: 2024-10-23 15:06:11,243: ['2024-10-23 15:06:11:', 'Session expired, starting a new one']
DEBUG: 2024-10-23 15:06:11,243: ['2024-10-23 15:06:11:', 'Session expired, starting a new one']
DEBUG: 2024-10-23 15:06:11,243: ['2024-10-23 15:06:11:', 'Session expired, starting a new one']
DEBUG: 2024-10-23 15:06:11,243: ['2024-10-23 15:06:11:', 'Session expired, starting a new one']
DEBUG: 2024-10-23 15:06:11,243: ['2024-10-23 15:06:11:', 'Session expired, starting a new one']
DEBUG: 2024-10-23 15:06:11,243: ['2024-10-23 15:06:11:', 'Session expired, starting a new one']
DEBUG: 2024-10-23 15:06:11,243: ['2024-10-23 15:06:11:', 'Session expired, starting a new one']
DEBUG: 2024-10-23 15:06:11,243: ['2024-10-23 15:06:11:', 'Session expired, starting a new one']
DEBUG: 2024-10-23 15:06:11,243: ['2024-10-23 15:06:11:', 'Session expired, starting a new one']
DEBUG: 2024-10-23 15:06:11,243: ['2024-10-23 15:06:11:', 'Session expired, starting a new one']
DEBUG: 2024-10-23 15:06:11,243: ['2024-10-23 15:06:11:', 'Session expired, starting a new one']
DEBUG: 2024-10-23 15:06:11,243: ['2024-10-23 15:06:11:', 'Session expired, starting a new one']
DEBUG: 2024-10-23 15:06:11,243: ['2024-10-23 15:06:11:', 'Session expired, starting a new one']
DEBUG: 2024-10-23 15:06:11,243: ['2024-10-23 15:06:11:', 'Session expired, starting a new one']
DEBUG: 2024-10-23 15:06:11,243: ['2024-10-23 15:06:11:', 'Session expired, starting a new one']
DEBUG: 2024-10-23 15:06:11,243: ['2024-10-23 15:06:11:', 'Session expired, starting a new one']
DEBUG: 2024-10-23 15:06:11,243: ['2024-10-23 15:06:11:', 'Session expired, starting a new one']
DEBUG: 2024-10-23 15:06:11,243: ['2024-10-23 15:06:11:', 'Session expired, starting a new one']
DEBUG: 2024-10-23 15:06:11,243: ['2024-10-23 15:06:11:', 'Session expired, starting a new one']
DEBUG: 2024-10-23 15:06:11,243: ['2024-10-23 15:06:11:', 'Session expired, starting a new one']
DEBUG: 2024-10-23 15:06:11,243: ['2024-10-23 15:06:11:', 'Session expired, starting a new one']
DEBUG: 2024-10-23 15:06:11,243: ['2024-10-23 15:06:11:', 'Session expired, starting a new one']
DEBUG: 2024-10-23 15:06:11,243: ['2024-10-23 15:06:11:', 'Session expired, starting a new one']
DEBUG: 2024-10-23 15:06:11,243: ['2024-10-23 15:06:11:', 'Session expired, starting a new one']
DEBUG: 2024-10-23 15:06:11,243: ['2024-10-23 15:06:11:', 'Session expired, starting a new one']
DEBUG: 2024-10-23 15:06:11,250: ['2024-10-23 15:06:11:', 'Session expired, starting a new one']
DEBUG: 2024-10-23 15:06:11,250: ['2024-10-23 15:06:11:', 'Session expired, starting a new one']
DEBUG: 2024-10-23 15:06:11,250: ['2024-10-23 15:06:11:', 'Session expired, starting a new one']
DEBUG: 2024-10-23 15:06:11,250: ['2024-10-23 15:06:11:', 'Session expired, starting a new one']
DEBUG: 2024-10-23 15:06:11,250: ['2024-10-23 15:06:11:', 'Session expired, starting a new one']
DEBUG: 2024-10-23 15:06:11,250: ['2024-10-23 15:06:11:', 'Session expired, starting a new one']
DEBUG: 2024-10-23 15:06:11,250: ['2024-10-23 15:06:11:', 'Session expired, starting a new one']
DEBUG: 2024-10-23 15:06:11,250: ['2024-10-23 15:06:11:', 'Session expired, starting a new one']
DEBUG: 2024-10-23 15:06:11,250: ['2024-10-23 15:06:11:', 'Session expired, starting a new one']
DEBUG: 2024-10-23 15:06:11,250: ['2024-10-23 15:06:11:', 'Session expired, starting a new one']
DEBUG: 2024-10-23 15:06:11,250: ['2024-10-23 15:06:11:', 'Session expired, starting a new one']
DEBUG: 2024-10-23 15:06:11,250: ['2024-10-23 15:06:11:', 'Session expired, starting a new one']
DEBUG: 2024-10-23 15:06:11,250: ['2024-10-23 15:06:11:', 'Session expired, starting a new one']
DEBUG: 2024-10-23 15:06:11,250: ['2024-10-23 15:06:11:', 'Session expired, starting a new one']
DEBUG: 2024-10-23 15:06:11,250: ['2024-10-23 15:06:11:', 'Session expired, starting a new one']
DEBUG: 2024-10-23 15:06:11,250: ['2024-10-23 15:06:11:', 'Session expired, starting a new one']
DEBUG: 2024-10-23 15:06:11,250: ['2024-10-23 15:06:11:', 'Session expired, starting a new one']
DEBUG: 2024-10-23 15:06:11,250: ['2024-10-23 15:06:11:', 'Session expired, starting a new one']
DEBUG: 2024-10-23 15:06:11,250: ['2024-10-23 15:06:11:', 'Session expired, starting a new one']
DEBUG: 2024-10-23 15:06:11,250: ['2024-10-23 15:06:11:', 'Session expired, starting a new one']
DEBUG: 2024-10-23 15:06:11,250: ['2024-10-23 15:06:11:', 'Session expired, starting a new one']
DEBUG: 2024-10-23 15:06:11,250: ['2024-10-23 15:06:11:', 'Session expired, starting a new one']
DEBUG: 2024-10-23 15:06:11,250: ['2024-10-23 15:06:11:', 'Session expired, starting a new one']
DEBUG: 2024-10-23 15:06:11,250: ['2024-10-23 15:06:11:', 'Session expired, starting a new one']
DEBUG: 2024-10-23 15:06:11,250: ['2024-10-23 15:06:11:', 'Session expired, starting a new one']
DEBUG: 2024-10-23 15:06:11,250: ['2024-10-23 15:06:11:', 'Session expired, starting a new one']
DEBUG: 2024-10-23 15:06:11,250: ['2024-10-23 15:06:11:', 'Session expired, starting a new one']
DEBUG: 2024-10-23 15:06:11,250: ['2024-10-23 15:06:11:', 'Session expired, starting a new one']
DEBUG: 2024-10-23 15:06:11,250: ['2024-10-23 15:06:11:', 'Session expired, starting a new one']
DEBUG: 2024-10-23 15:06:11,250: ['2024-10-23 15:06:11:', 'Session expired, starting a new one']
DEBUG: 2024-10-23 15:06:11,250: ['2024-10-23 15:06:11:', 'Session expired, starting a new one']
DEBUG: 2024-10-23 15:06:11,250: ['2024-10-23 15:06:11:', 'Session expired, starting a new one']
DEBUG: 2024-10-23 15:06:11,250: ['2024-10-23 15:06:11:', 'Session expired, starting a new one']
DEBUG: 2024-10-23 15:06:11,250: ['2024-10-23 15:06:11:', 'Session expired, starting a new one']
DEBUG: 2024-10-23 15:06:11,250: ['2024-10-23 15:06:11:', 'Session expired, starting a new one']
DEBUG: 2024-10-23 15:06:11,250: ['2024-10-23 15:06:11:', 'Session expired, starting a new one']
DEBUG: 2024-10-23 15:06:11,250: ['2024-10-23 15:06:11:', 'Session expired, starting a new one']
DEBUG: 2024-10-23 15:06:11,256: ['2024-10-23 15:06:11:', 'Session expired, starting a new one']
DEBUG: 2024-10-23 15:06:11,256: ['2024-10-23 15:06:11:', 'Session expired, starting a new one']
DEBUG: 2024-10-23 15:06:11,256: ['2024-10-23 15:06:11:', 'Session expired, starting a new one']
DEBUG: 2024-10-23 15:06:11,256: ['2024-10-23 15:06:11:', 'Session expired, starting a new one']
DEBUG: 2024-10-23 15:06:11,256: ['2024-10-23 15:06:11:', 'Session expired, starting a new one']
DEBUG: 2024-10-23 15:06:11,256: ['2024-10-23 15:06:11:', 'Session expired, starting a new one']
DEBUG: 2024-10-23 15:06:11,256: ['2024-10-23 15:06:11:', 'Session expired, starting a new one']
DEBUG: 2024-10-23 15:06:11,256: ['2024-10-23 15:06:11:', 'Session expired, starting a new one']
DEBUG: 2024-10-23 15:06:11,256: ['2024-10-23 15:06:11:', 'Session expired, starting a new one']
DEBUG: 2024-10-23 15:06:11,256: ['2024-10-23 15:06:11:', 'Session expired, starting a new one']
DEBUG: 2024-10-23 15:06:11,256: ['2024-10-23 15:06:11:', 'Session expired, starting a new one']
DEBUG: 2024-10-23 15:06:11,256: ['2024-10-23 15:06:11:', 'Session expired, starting a new one']
DEBUG: 2024-10-23 15:06:11,256: ['2024-10-23 15:06:11:', 'Session expired, starting a new one']
DEBUG: 2024-10-23 15:06:11,256: ['2024-10-23 15:06:11:', 'Session expired, starting a new one']
DEBUG: 2024-10-23 15:06:11,256: ['2024-10-23 15:06:11:', 'Session expired, starting a new one']
DEBUG: 2024-10-23 15:06:11,256: ['2024-10-23 15:06:11:', 'Session expired, starting a new one']
DEBUG: 2024-10-23 15:06:11,256: ['2024-10-23 15:06:11:', 'Session expired, starting a new one']
DEBUG: 2024-10-23 15:06:11,256: ['2024-10-23 15:06:11:', 'Session expired, starting a new one']
DEBUG: 2024-10-23 15:06:11,256: ['2024-10-23 15:06:11:', 'Session expired, starting a new one']
DEBUG: 2024-10-23 15:06:11,256: ['2024-10-23 15:06:11:', 'Session expired, starting a new one']
DEBUG: 2024-10-23 15:06:11,256: ['2024-10-23 15:06:11:', 'Session expired, starting a new one']
DEBUG: 2024-10-23 15:06:11,256: ['2024-10-23 15:06:11:', 'Session expired, starting a new one']
DEBUG: 2024-10-23 15:06:11,256: ['2024-10-23 15:06:11:', 'Session expired, starting a new one']
DEBUG: 2024-10-23 15:06:11,256: ['2024-10-23 15:06:11:', 'Session expired, starting a new one']
DEBUG: 2024-10-23 15:06:11,256: ['2024-10-23 15:06:11:', 'Session expired, starting a new one']
DEBUG: 2024-10-23 15:06:11,256: ['2024-10-23 15:06:11:', 'Session expired, starting a new one']
DEBUG: 2024-10-23 15:06:11,256: ['2024-10-23 15:06:11:', 'Session expired, starting a new one']
DEBUG: 2024-10-23 15:06:11,256: ['2024-10-23 15:06:11:', 'Session expired, starting a new one']
DEBUG: 2024-10-23 15:06:11,256: ['2024-10-23 15:06:11:', 'Session expired, starting a new one']
DEBUG: 2024-10-23 15:06:11,256: ['2024-10-23 15:06:11:', 'Session expired, starting a new one']
DEBUG: 2024-10-23 15:06:11,256: ['2024-10-23 15:06:11:', 'Session expired, starting a new one']
DEBUG: 2024-10-23 15:06:11,256: ['2024-10-23 15:06:11:', 'Session expired, starting a new one']
DEBUG: 2024-10-23 15:06:11,256: ['2024-10-23 15:06:11:', 'Session expired, starting a new one']
DEBUG: 2024-10-23 15:06:11,256: ['2024-10-23 15:06:11:', 'Session expired, starting a new one']
DEBUG: 2024-10-23 15:06:11,256: ['2024-10-23 15:06:11:', 'Session expired, starting a new one']
DEBUG: 2024-10-23 15:06:11,256: ['2024-10-23 15:06:11:', 'Session expired, starting a new one']
DEBUG: 2024-10-23 15:06:11,256: ['2024-10-23 15:06:11:', 'Session expired, starting a new one']
DEBUG: 2024-10-23 15:06:11,256: ['2024-10-23 15:06:11:', 'Session expired, starting a new one']
DEBUG: 2024-10-23 15:06:12,291: ['2024-10-23 15:06:12:', 'Session expired, starting a new one']
DEBUG: 2024-10-23 15:06:12,291: ['2024-10-23 15:06:12:', 'Session expired, starting a new one']
DEBUG: 2024-10-23 15:06:12,291: ['2024-10-23 15:06:12:', 'Session expired, starting a new one']
DEBUG: 2024-10-23 15:06:12,291: ['2024-10-23 15:06:12:', 'Session expired, starting a new one']
DEBUG: 2024-10-23 15:06:12,291: ['2024-10-23 15:06:12:', 'Session expired, starting a new one']
DEBUG: 2024-10-23 15:06:12,291: ['2024-10-23 15:06:12:', 'Session expired, starting a new one']
DEBUG: 2024-10-23 15:06:12,291: ['2024-10-23 15:06:12:', 'Session expired, starting a new one']
DEBUG: 2024-10-23 15:06:12,291: ['2024-10-23 15:06:12:', 'Session expired, starting a new one']
DEBUG: 2024-10-23 15:06:12,291: ['2024-10-23 15:06:12:', 'Session expired, starting a new one']
DEBUG: 2024-10-23 15:06:12,291: ['2024-10-23 15:06:12:', 'Session expired, starting a new one']
DEBUG: 2024-10-23 15:06:12,291: ['2024-10-23 15:06:12:', 'Session expired, starting a new one']
DEBUG: 2024-10-23 15:06:12,291: ['2024-10-23 15:06:12:', 'Session expired, starting a new one']
DEBUG: 2024-10-23 15:06:12,291: ['2024-10-23 15:06:12:', 'Session expired, starting a new one']
DEBUG: 2024-10-23 15:06:12,291: ['2024-10-23 15:06:12:', 'Session expired, starting a new one']
DEBUG: 2024-10-23 15:06:12,291: ['2024-10-23 15:06:12:', 'Session expired, starting a new one']
DEBUG: 2024-10-23 15:06:12,291: ['2024-10-23 15:06:12:', 'Session expired, starting a new one']
DEBUG: 2024-10-23 15:06:12,291: ['2024-10-23 15:06:12:', 'Session expired, starting a new one']
DEBUG: 2024-10-23 15:06:12,291: ['2024-10-23 15:06:12:', 'Session expired, starting a new one']
DEBUG: 2024-10-23 15:06:12,291: ['2024-10-23 15:06:12:', 'Session expired, starting a new one']
DEBUG: 2024-10-23 15:06:12,291: ['2024-10-23 15:06:12:', 'Session expired, starting a new one']
DEBUG: 2024-10-23 15:06:12,291: ['2024-10-23 15:06:12:', 'Session expired, starting a new one']
DEBUG: 2024-10-23 15:06:12,291: ['2024-10-23 15:06:12:', 'Session expired, starting a new one']
DEBUG: 2024-10-23 15:06:12,291: ['2024-10-23 15:06:12:', 'Session expired, starting a new one']
DEBUG: 2024-10-23 15:06:12,291: ['2024-10-23 15:06:12:', 'Session expired, starting a new one']
DEBUG: 2024-10-23 15:06:12,291: ['2024-10-23 15:06:12:', 'Session expired, starting a new one']
DEBUG: 2024-10-23 15:06:12,291: ['2024-10-23 15:06:12:', 'Session expired, starting a new one']
DEBUG: 2024-10-23 15:06:12,291: ['2024-10-23 15:06:12:', 'Session expired, starting a new one']
DEBUG: 2024-10-23 15:06:12,291: ['2024-10-23 15:06:12:', 'Session expired, starting a new one']
DEBUG: 2024-10-23 15:06:12,291: ['2024-10-23 15:06:12:', 'Session expired, starting a new one']
DEBUG: 2024-10-23 15:06:12,291: ['2024-10-23 15:06:12:', 'Session expired, starting a new one']
DEBUG: 2024-10-23 15:06:12,291: ['2024-10-23 15:06:12:', 'Session expired, starting a new one']
DEBUG: 2024-10-23 15:06:12,291: ['2024-10-23 15:06:12:', 'Session expired, starting a new one']
DEBUG: 2024-10-23 15:06:12,291: ['2024-10-23 15:06:12:', 'Session expired, starting a new one']
DEBUG: 2024-10-23 15:06:12,291: ['2024-10-23 15:06:12:', 'Session expired, starting a new one']
DEBUG: 2024-10-23 15:06:12,291: ['2024-10-23 15:06:12:', 'Session expired, starting a new one']
DEBUG: 2024-10-23 15:06:12,291: ['2024-10-23 15:06:12:', 'Session expired, starting a new one']
DEBUG: 2024-10-23 15:06:12,291: ['2024-10-23 15:06:12:', 'Session expired, starting a new one']
DEBUG: 2024-10-23 15:06:12,291: ['2024-10-23 15:06:12:', 'Session expired, starting a new one']
DEBUG: 2024-10-23 15:06:12,291: ['2024-10-23 15:06:12:', 'Session expired, starting a new one']
DEBUG: 2024-10-23 15:06:12,297: ['2024-10-23 15:06:12:', 'Session expired, starting a new one']
DEBUG: 2024-10-23 15:06:12,297: ['2024-10-23 15:06:12:', 'Session expired, starting a new one']
DEBUG: 2024-10-23 15:06:12,297: ['2024-10-23 15:06:12:', 'Session expired, starting a new one']
DEBUG: 2024-10-23 15:06:12,297: ['2024-10-23 15:06:12:', 'Session expired, starting a new one']
DEBUG: 2024-10-23 15:06:12,297: ['2024-10-23 15:06:12:', 'Session expired, starting a new one']
DEBUG: 2024-10-23 15:06:12,297: ['2024-10-23 15:06:12:', 'Session expired, starting a new one']
DEBUG: 2024-10-23 15:06:12,297: ['2024-10-23 15:06:12:', 'Session expired, starting a new one']
DEBUG: 2024-10-23 15:06:12,297: ['2024-10-23 15:06:12:', 'Session expired, starting a new one']
DEBUG: 2024-10-23 15:06:12,297: ['2024-10-23 15:06:12:', 'Session expired, starting a new one']
DEBUG: 2024-10-23 15:06:12,297: ['2024-10-23 15:06:12:', 'Session expired, starting a new one']
DEBUG: 2024-10-23 15:06:12,297: ['2024-10-23 15:06:12:', 'Session expired, starting a new one']
DEBUG: 2024-10-23 15:06:12,297: ['2024-10-23 15:06:12:', 'Session expired, starting a new one']
DEBUG: 2024-10-23 15:06:12,297: ['2024-10-23 15:06:12:', 'Session expired, starting a new one']
DEBUG: 2024-10-23 15:06:12,297: ['2024-10-23 15:06:12:', 'Session expired, starting a new one']
DEBUG: 2024-10-23 15:06:12,297: ['2024-10-23 15:06:12:', 'Session expired, starting a new one']
DEBUG: 2024-10-23 15:06:12,297: ['2024-10-23 15:06:12:', 'Session expired, starting a new one']
DEBUG: 2024-10-23 15:06:12,297: ['2024-10-23 15:06:12:', 'Session expired, starting a new one']
DEBUG: 2024-10-23 15:06:12,297: ['2024-10-23 15:06:12:', 'Session expired, starting a new one']
DEBUG: 2024-10-23 15:06:12,297: ['2024-10-23 15:06:12:', 'Session expired, starting a new one']
DEBUG: 2024-10-23 15:06:12,297: ['2024-10-23 15:06:12:', 'Session expired, starting a new one']
DEBUG: 2024-10-23 15:06:12,297: ['2024-10-23 15:06:12:', 'Session expired, starting a new one']
DEBUG: 2024-10-23 15:06:12,297: ['2024-10-23 15:06:12:', 'Session expired, starting a new one']
DEBUG: 2024-10-23 15:06:12,297: ['2024-10-23 15:06:12:', 'Session expired, starting a new one']
DEBUG: 2024-10-23 15:06:12,297: ['2024-10-23 15:06:12:', 'Session expired, starting a new one']
DEBUG: 2024-10-23 15:06:12,297: ['2024-10-23 15:06:12:', 'Session expired, starting a new one']
DEBUG: 2024-10-23 15:06:12,297: ['2024-10-23 15:06:12:', 'Session expired, starting a new one']
DEBUG: 2024-10-23 15:06:12,297: ['2024-10-23 15:06:12:', 'Session expired, starting a new one']
DEBUG: 2024-10-23 15:06:12,297: ['2024-10-23 15:06:12:', 'Session expired, starting a new one']
DEBUG: 2024-10-23 15:06:12,297: ['2024-10-23 15:06:12:', 'Session expired, starting a new one']
DEBUG: 2024-10-23 15:06:12,297: ['2024-10-23 15:06:12:', 'Session expired, starting a new one']
DEBUG: 2024-10-23 15:06:12,297: ['2024-10-23 15:06:12:', 'Session expired, starting a new one']
DEBUG: 2024-10-23 15:06:12,297: ['2024-10-23 15:06:12:', 'Session expired, starting a new one']
DEBUG: 2024-10-23 15:06:12,297: ['2024-10-23 15:06:12:', 'Session expired, starting a new one']
DEBUG: 2024-10-23 15:06:12,297: ['2024-10-23 15:06:12:', 'Session expired, starting a new one']
DEBUG: 2024-10-23 15:06:12,297: ['2024-10-23 15:06:12:', 'Session expired, starting a new one']
DEBUG: 2024-10-23 15:06:12,297: ['2024-10-23 15:06:12:', 'Session expired, starting a new one']
DEBUG: 2024-10-23 15:06:12,297: ['2024-10-23 15:06:12:', 'Session expired, starting a new one']
DEBUG: 2024-10-23 15:06:12,297: ['2024-10-23 15:06:12:', 'Session expired, starting a new one']
DEBUG: 2024-10-23 15:06:12,297: ['2024-10-23 15:06:12:', 'Session expired, starting a new one']
DEBUG: 2024-10-23 15:06:12,297: ['2024-10-23 15:06:12:', 'Session expired, starting a new one']
DEBUG: 2024-10-23 15:06:12,306: ['2024-10-23 15:06:12:', 'Session expired, starting a new one']
DEBUG: 2024-10-23 15:06:12,306: ['2024-10-23 15:06:12:', 'Session expired, starting a new one']
DEBUG: 2024-10-23 15:06:12,306: ['2024-10-23 15:06:12:', 'Session expired, starting a new one']
DEBUG: 2024-10-23 15:06:12,306: ['2024-10-23 15:06:12:', 'Session expired, starting a new one']
DEBUG: 2024-10-23 15:06:12,306: ['2024-10-23 15:06:12:', 'Session expired, starting a new one']
DEBUG: 2024-10-23 15:06:12,306: ['2024-10-23 15:06:12:', 'Session expired, starting a new one']
DEBUG: 2024-10-23 15:06:12,306: ['2024-10-23 15:06:12:', 'Session expired, starting a new one']
DEBUG: 2024-10-23 15:06:12,306: ['2024-10-23 15:06:12:', 'Session expired, starting a new one']
DEBUG: 2024-10-23 15:06:12,306: ['2024-10-23 15:06:12:', 'Session expired, starting a new one']
DEBUG: 2024-10-23 15:06:12,306: ['2024-10-23 15:06:12:', 'Session expired, starting a new one']
DEBUG: 2024-10-23 15:06:12,306: ['2024-10-23 15:06:12:', 'Session expired, starting a new one']
DEBUG: 2024-10-23 15:06:12,306: ['2024-10-23 15:06:12:', 'Session expired, starting a new one']
DEBUG: 2024-10-23 15:06:12,306: ['2024-10-23 15:06:12:', 'Session expired, starting a new one']
DEBUG: 2024-10-23 15:06:12,306: ['2024-10-23 15:06:12:', 'Session expired, starting a new one']
DEBUG: 2024-10-23 15:06:12,306: ['2024-10-23 15:06:12:', 'Session expired, starting a new one']
DEBUG: 2024-10-23 15:06:12,306: ['2024-10-23 15:06:12:', 'Session expired, starting a new one']
DEBUG: 2024-10-23 15:06:12,306: ['2024-10-23 15:06:12:', 'Session expired, starting a new one']
DEBUG: 2024-10-23 15:06:12,306: ['2024-10-23 15:06:12:', 'Session expired, starting a new one']
DEBUG: 2024-10-23 15:06:12,306: ['2024-10-23 15:06:12:', 'Session expired, starting a new one']
DEBUG: 2024-10-23 15:06:12,306: ['2024-10-23 15:06:12:', 'Session expired, starting a new one']
DEBUG: 2024-10-23 15:06:12,306: ['2024-10-23 15:06:12:', 'Session expired, starting a new one']
DEBUG: 2024-10-23 15:06:12,306: ['2024-10-23 15:06:12:', 'Session expired, starting a new one']
DEBUG: 2024-10-23 15:06:12,306: ['2024-10-23 15:06:12:', 'Session expired, starting a new one']
DEBUG: 2024-10-23 15:06:12,306: ['2024-10-23 15:06:12:', 'Session expired, starting a new one']
DEBUG: 2024-10-23 15:06:12,306: ['2024-10-23 15:06:12:', 'Session expired, starting a new one']
DEBUG: 2024-10-23 15:06:12,306: ['2024-10-23 15:06:12:', 'Session expired, starting a new one']
DEBUG: 2024-10-23 15:06:12,306: ['2024-10-23 15:06:12:', 'Session expired, starting a new one']
DEBUG: 2024-10-23 15:06:12,306: ['2024-10-23 15:06:12:', 'Session expired, starting a new one']
DEBUG: 2024-10-23 15:06:12,306: ['2024-10-23 15:06:12:', 'Session expired, starting a new one']
DEBUG: 2024-10-23 15:06:12,306: ['2024-10-23 15:06:12:', 'Session expired, starting a new one']
DEBUG: 2024-10-23 15:06:12,306: ['2024-10-23 15:06:12:', 'Session expired, starting a new one']
DEBUG: 2024-10-23 15:06:12,306: ['2024-10-23 15:06:12:', 'Session expired, starting a new one']
DEBUG: 2024-10-23 15:06:12,306: ['2024-10-23 15:06:12:', 'Session expired, starting a new one']
DEBUG: 2024-10-23 15:06:12,306: ['2024-10-23 15:06:12:', 'Session expired, starting a new one']
DEBUG: 2024-10-23 15:06:12,306: ['2024-10-23 15:06:12:', 'Session expired, starting a new one']
DEBUG: 2024-10-23 15:06:12,306: ['2024-10-23 15:06:12:', 'Session expired, starting a new one']
DEBUG: 2024-10-23 15:06:12,306: ['2024-10-23 15:06:12:', 'Session expired, starting a new one']
DEBUG: 2024-10-23 15:06:12,306: ['2024-10-23 15:06:12:', 'Session expired, starting a new one']
DEBUG: 2024-10-23 15:06:12,306: ['2024-10-23 15:06:12:', 'Session expired, starting a new one']
DEBUG: 2024-10-23 15:06:12,306: ['2024-10-23 15:06:12:', 'Session expired, starting a new one']
DEBUG: 2024-10-23 15:06:12,306: ['2024-10-23 15:06:12:', 'Session expired, starting a new one']
DEBUG: 2024-10-23 15:06:12,312: ['2024-10-23 15:06:12:', 'Session expired, starting a new one']
DEBUG: 2024-10-23 15:06:12,312: ['2024-10-23 15:06:12:', 'Session expired, starting a new one']
DEBUG: 2024-10-23 15:06:12,312: ['2024-10-23 15:06:12:', 'Session expired, starting a new one']
DEBUG: 2024-10-23 15:06:12,312: ['2024-10-23 15:06:12:', 'Session expired, starting a new one']
DEBUG: 2024-10-23 15:06:12,312: ['2024-10-23 15:06:12:', 'Session expired, starting a new one']
DEBUG: 2024-10-23 15:06:12,312: ['2024-10-23 15:06:12:', 'Session expired, starting a new one']
DEBUG: 2024-10-23 15:06:12,312: ['2024-10-23 15:06:12:', 'Session expired, starting a new one']
DEBUG: 2024-10-23 15:06:12,312: ['2024-10-23 15:06:12:', 'Session expired, starting a new one']
DEBUG: 2024-10-23 15:06:12,312: ['2024-10-23 15:06:12:', 'Session expired, starting a new one']
DEBUG: 2024-10-23 15:06:12,312: ['2024-10-23 15:06:12:', 'Session expired, starting a new one']
DEBUG: 2024-10-23 15:06:12,312: ['2024-10-23 15:06:12:', 'Session expired, starting a new one']
DEBUG: 2024-10-23 15:06:12,312: ['2024-10-23 15:06:12:', 'Session expired, starting a new one']
DEBUG: 2024-10-23 15:06:12,312: ['2024-10-23 15:06:12:', 'Session expired, starting a new one']
DEBUG: 2024-10-23 15:06:12,312: ['2024-10-23 15:06:12:', 'Session expired, starting a new one']
DEBUG: 2024-10-23 15:06:12,312: ['2024-10-23 15:06:12:', 'Session expired, starting a new one']
DEBUG: 2024-10-23 15:06:12,312: ['2024-10-23 15:06:12:', 'Session expired, starting a new one']
DEBUG: 2024-10-23 15:06:12,312: ['2024-10-23 15:06:12:', 'Session expired, starting a new one']
DEBUG: 2024-10-23 15:06:12,312: ['2024-10-23 15:06:12:', 'Session expired, starting a new one']
DEBUG: 2024-10-23 15:06:12,312: ['2024-10-23 15:06:12:', 'Session expired, starting a new one']
DEBUG: 2024-10-23 15:06:12,312: ['2024-10-23 15:06:12:', 'Session expired, starting a new one']
DEBUG: 2024-10-23 15:06:12,312: ['2024-10-23 15:06:12:', 'Session expired, starting a new one']
DEBUG: 2024-10-23 15:06:12,312: ['2024-10-23 15:06:12:', 'Session expired, starting a new one']
DEBUG: 2024-10-23 15:06:12,312: ['2024-10-23 15:06:12:', 'Session expired, starting a new one']
DEBUG: 2024-10-23 15:06:12,312: ['2024-10-23 15:06:12:', 'Session expired, starting a new one']
DEBUG: 2024-10-23 15:06:12,312: ['2024-10-23 15:06:12:', 'Session expired, starting a new one']
DEBUG: 2024-10-23 15:06:12,312: ['2024-10-23 15:06:12:', 'Session expired, starting a new one']
DEBUG: 2024-10-23 15:06:12,312: ['2024-10-23 15:06:12:', 'Session expired, starting a new one']
DEBUG: 2024-10-23 15:06:12,312: ['2024-10-23 15:06:12:', 'Session expired, starting a new one']
DEBUG: 2024-10-23 15:06:12,312: ['2024-10-23 15:06:12:', 'Session expired, starting a new one']
DEBUG: 2024-10-23 15:06:12,312: ['2024-10-23 15:06:12:', 'Session expired, starting a new one']
DEBUG: 2024-10-23 15:06:12,312: ['2024-10-23 15:06:12:', 'Session expired, starting a new one']
DEBUG: 2024-10-23 15:06:12,312: ['2024-10-23 15:06:12:', 'Session expired, starting a new one']
DEBUG: 2024-10-23 15:06:12,312: ['2024-10-23 15:06:12:', 'Session expired, starting a new one']
DEBUG: 2024-10-23 15:06:12,312: ['2024-10-23 15:06:12:', 'Session expired, starting a new one']
DEBUG: 2024-10-23 15:06:12,312: ['2024-10-23 15:06:12:', 'Session expired, starting a new one']
DEBUG: 2024-10-23 15:06:12,312: ['2024-10-23 15:06:12:', 'Session expired, starting a new one']
DEBUG: 2024-10-23 15:06:12,312: ['2024-10-23 15:06:12:', 'Session expired, starting a new one']
DEBUG: 2024-10-23 15:06:12,312: ['2024-10-23 15:06:12:', 'Session expired, starting a new one']
DEBUG: 2024-10-23 15:06:12,312: ['2024-10-23 15:06:12:', 'Session expired, starting a new one']
DEBUG: 2024-10-23 15:06:12,312: ['2024-10-23 15:06:12:', 'Session expired, starting a new one']
DEBUG: 2024-10-23 15:06:12,312: ['2024-10-23 15:06:12:', 'Session expired, starting a new one']
DEBUG: 2024-10-23 15:06:12,312: ['2024-10-23 15:06:12:', 'Session expired, starting a new one']
DEBUG: 2024-10-23 15:06:13,320: ['2024-10-23 15:06:13:', 'Session expired, starting a new one']
DEBUG: 2024-10-23 15:06:13,320: ['2024-10-23 15:06:13:', 'Session expired, starting a new one']
DEBUG: 2024-10-23 15:06:13,320: ['2024-10-23 15:06:13:', 'Session expired, starting a new one']
DEBUG: 2024-10-23 15:06:13,320: ['2024-10-23 15:06:13:', 'Session expired, starting a new one']
DEBUG: 2024-10-23 15:06:13,320: ['2024-10-23 15:06:13:', 'Session expired, starting a new one']
DEBUG: 2024-10-23 15:06:13,320: ['2024-10-23 15:06:13:', 'Session expired, starting a new one']
DEBUG: 2024-10-23 15:06:13,320: ['2024-10-23 15:06:13:', 'Session expired, starting a new one']
DEBUG: 2024-10-23 15:06:13,320: ['2024-10-23 15:06:13:', 'Session expired, starting a new one']
DEBUG: 2024-10-23 15:06:13,320: ['2024-10-23 15:06:13:', 'Session expired, starting a new one']
DEBUG: 2024-10-23 15:06:13,320: ['2024-10-23 15:06:13:', 'Session expired, starting a new one']
DEBUG: 2024-10-23 15:06:13,320: ['2024-10-23 15:06:13:', 'Session expired, starting a new one']
DEBUG: 2024-10-23 15:06:13,320: ['2024-10-23 15:06:13:', 'Session expired, starting a new one']
DEBUG: 2024-10-23 15:06:13,320: ['2024-10-23 15:06:13:', 'Session expired, starting a new one']
DEBUG: 2024-10-23 15:06:13,320: ['2024-10-23 15:06:13:', 'Session expired, starting a new one']
DEBUG: 2024-10-23 15:06:13,320: ['2024-10-23 15:06:13:', 'Session expired, starting a new one']
DEBUG: 2024-10-23 15:06:13,320: ['2024-10-23 15:06:13:', 'Session expired, starting a new one']
DEBUG: 2024-10-23 15:06:13,320: ['2024-10-23 15:06:13:', 'Session expired, starting a new one']
DEBUG: 2024-10-23 15:06:13,320: ['2024-10-23 15:06:13:', 'Session expired, starting a new one']
DEBUG: 2024-10-23 15:06:13,320: ['2024-10-23 15:06:13:', 'Session expired, starting a new one']
DEBUG: 2024-10-23 15:06:13,320: ['2024-10-23 15:06:13:', 'Session expired, starting a new one']
DEBUG: 2024-10-23 15:06:13,320: ['2024-10-23 15:06:13:', 'Session expired, starting a new one']
DEBUG: 2024-10-23 15:06:13,320: ['2024-10-23 15:06:13:', 'Session expired, starting a new one']
DEBUG: 2024-10-23 15:06:13,320: ['2024-10-23 15:06:13:', 'Session expired, starting a new one']
DEBUG: 2024-10-23 15:06:13,320: ['2024-10-23 15:06:13:', 'Session expired, starting a new one']
DEBUG: 2024-10-23 15:06:13,320: ['2024-10-23 15:06:13:', 'Session expired, starting a new one']
DEBUG: 2024-10-23 15:06:13,320: ['2024-10-23 15:06:13:', 'Session expired, starting a new one']
DEBUG: 2024-10-23 15:06:13,320: ['2024-10-23 15:06:13:', 'Session expired, starting a new one']
DEBUG: 2024-10-23 15:06:13,320: ['2024-10-23 15:06:13:', 'Session expired, starting a new one']
DEBUG: 2024-10-23 15:06:13,320: ['2024-10-23 15:06:13:', 'Session expired, starting a new one']
DEBUG: 2024-10-23 15:06:13,320: ['2024-10-23 15:06:13:', 'Session expired, starting a new one']
DEBUG: 2024-10-23 15:06:13,320: ['2024-10-23 15:06:13:', 'Session expired, starting a new one']
DEBUG: 2024-10-23 15:06:13,320: ['2024-10-23 15:06:13:', 'Session expired, starting a new one']
DEBUG: 2024-10-23 15:06:13,320: ['2024-10-23 15:06:13:', 'Session expired, starting a new one']
DEBUG: 2024-10-23 15:06:13,320: ['2024-10-23 15:06:13:', 'Session expired, starting a new one']
DEBUG: 2024-10-23 15:06:13,320: ['2024-10-23 15:06:13:', 'Session expired, starting a new one']
DEBUG: 2024-10-23 15:06:13,320: ['2024-10-23 15:06:13:', 'Session expired, starting a new one']
DEBUG: 2024-10-23 15:06:13,320: ['2024-10-23 15:06:13:', 'Session expired, starting a new one']
DEBUG: 2024-10-23 15:06:13,320: ['2024-10-23 15:06:13:', 'Session expired, starting a new one']
DEBUG: 2024-10-23 15:06:13,320: ['2024-10-23 15:06:13:', 'Session expired, starting a new one']
DEBUG: 2024-10-23 15:06:13,320: ['2024-10-23 15:06:13:', 'Session expired, starting a new one']
DEBUG: 2024-10-23 15:06:13,320: ['2024-10-23 15:06:13:', 'Session expired, starting a new one']
DEBUG: 2024-10-23 15:06:13,320: ['2024-10-23 15:06:13:', 'Session expired, starting a new one']
DEBUG: 2024-10-23 15:06:13,320: ['2024-10-23 15:06:13:', 'Session expired, starting a new one']
WARNING: 2024-10-23 15:06:14,201: ['2024-10-23 15:06:14:', 'Not running webserver']
WARNING: 2024-10-23 15:06:14,201: ['2024-10-23 15:06:14:', 'Not running webserver']
WARNING: 2024-10-23 15:06:14,201: ['2024-10-23 15:06:14:', 'Not running webserver']
WARNING: 2024-10-23 15:06:14,201: ['2024-10-23 15:06:14:', 'Not running webserver']
WARNING: 2024-10-23 15:06:14,201: ['2024-10-23 15:06:14:', 'Not running webserver']
WARNING: 2024-10-23 15:06:14,201: ['2024-10-23 15:06:14:', 'Not running webserver']
WARNING: 2024-10-23 15:06:14,201: ['2024-10-23 15:06:14:', 'Not running webserver']
WARNING: 2024-10-23 15:06:14,201: ['2024-10-23 15:06:14:', 'Not running webserver']
WARNING: 2024-10-23 15:06:14,201: ['2024-10-23 15:06:14:', 'Not running webserver']
WARNING: 2024-10-23 15:06:14,201: ['2024-10-23 15:06:14:', 'Not running webserver']
WARNING: 2024-10-23 15:06:14,201: ['2024-10-23 15:06:14:', 'Not running webserver']
WARNING: 2024-10-23 15:06:14,201: ['2024-10-23 15:06:14:', 'Not running webserver']
WARNING: 2024-10-23 15:06:14,201: ['2024-10-23 15:06:14:', 'Not running webserver']
WARNING: 2024-10-23 15:06:14,201: ['2024-10-23 15:06:14:', 'Not running webserver']
WARNING: 2024-10-23 15:06:14,201: ['2024-10-23 15:06:14:', 'Not running webserver']
WARNING: 2024-10-23 15:06:14,201: ['2024-10-23 15:06:14:', 'Not running webserver']
WARNING: 2024-10-23 15:06:14,201: ['2024-10-23 15:06:14:', 'Not running webserver']
WARNING: 2024-10-23 15:06:14,201: ['2024-10-23 15:06:14:', 'Not running webserver']
WARNING: 2024-10-23 15:06:14,201: ['2024-10-23 15:06:14:', 'Not running webserver']
WARNING: 2024-10-23 15:06:14,201: ['2024-10-23 15:06:14:', 'Not running webserver']
WARNING: 2024-10-23 15:06:14,201: ['2024-10-23 15:06:14:', 'Not running webserver']
WARNING: 2024-10-23 15:06:14,201: ['2024-10-23 15:06:14:', 'Not running webserver']
WARNING: 2024-10-23 15:06:14,201: ['2024-10-23 15:06:14:', 'Not running webserver']
WARNING: 2024-10-23 15:06:14,201: ['2024-10-23 15:06:14:', 'Not running webserver']
WARNING: 2024-10-23 15:06:14,201: ['2024-10-23 15:06:14:', 'Not running webserver']
WARNING: 2024-10-23 15:06:14,201: ['2024-10-23 15:06:14:', 'Not running webserver']
WARNING: 2024-10-23 15:06:14,201: ['2024-10-23 15:06:14:', 'Not running webserver']
WARNING: 2024-10-23 15:06:14,201: ['2024-10-23 15:06:14:', 'Not running webserver']
WARNING: 2024-10-23 15:06:14,201: ['2024-10-23 15:06:14:', 'Not running webserver']
WARNING: 2024-10-23 15:06:14,201: ['2024-10-23 15:06:14:', 'Not running webserver']
WARNING: 2024-10-23 15:06:14,201: ['2024-10-23 15:06:14:', 'Not running webserver']
WARNING: 2024-10-23 15:06:14,201: ['2024-10-23 15:06:14:', 'Not running webserver']
WARNING: 2024-10-23 15:06:14,201: ['2024-10-23 15:06:14:', 'Not running webserver']
WARNING: 2024-10-23 15:06:14,201: ['2024-10-23 15:06:14:', 'Not running webserver']
WARNING: 2024-10-23 15:06:14,201: ['2024-10-23 15:06:14:', 'Not running webserver']
WARNING: 2024-10-23 15:06:14,201: ['2024-10-23 15:06:14:', 'Not running webserver']
WARNING: 2024-10-23 15:06:14,201: ['2024-10-23 15:06:14:', 'Not running webserver']
WARNING: 2024-10-23 15:06:14,201: ['2024-10-23 15:06:14:', 'Not running webserver']
WARNING: 2024-10-23 15:06:14,201: ['2024-10-23 15:06:14:', 'Not running webserver']
WARNING: 2024-10-23 15:06:14,201: ['2024-10-23 15:06:14:', 'Not running webserver']
WARNING: 2024-10-23 15:06:14,201: ['2024-10-23 15:06:14:', 'Not running webserver']
WARNING: 2024-10-23 15:06:14,201: ['2024-10-23 15:06:14:', 'Not running webserver']
WARNING: 2024-10-23 15:06:14,201: ['2024-10-23 15:06:14:', 'Not running webserver']
WARNING: 2024-10-23 15:06:14,201: ['2024-10-23 15:06:14:', 'Not running webserver']
INFO: 2024-10-23 15:06:17,270: ['2024-10-23 15:06:17:', 'Language: en']
INFO: 2024-10-23 15:06:17,274: ['2024-10-23 15:06:17:', 'Assuming root path: D:\\projects\\php\\tina4-python\\tina4_python, library path: D:\\projects\\php\\tina4-python\\tina4_python']
DEBUG: 2024-10-23 15:06:17,314: ['2024-10-23 15:06:17:', 'TEST TOKEN', 'eyJhbGciOiJSUzI1NiIsInR5cCI6IkpXVCJ9.eyJuYW1lIjoiVGluYTQiLCJleHBpcmVzIjoiMjAyNC0xMC0yM1QxNTowODoxNy4zMTM5MTQifQ.VSTI3dLxYv1fQQxct1g-bGsU7LsB4Dul-xFuG7AhDM_BxT26pN7v0S4RF7uuHhidmX8zcAxR7xIGj1mAgeAEIzF2B32D8Lbc4Oa4L52p4foL9P3GYa0Uhy8cBUcdSYr6aIVjT6-NSG1qaR6G_wRYyrzHObQT7XZuIvtxB66UYliDrRumaNrn_W3VNczwNau1lxGYPi0jSE1rpp1abxat7FLKHri6C_tnH7H93fbSFRb0NhI-7cOkduzDtjgdN7MaNB75uH2ob7okwbuaCgpjLRuDG4l6m0jSJ1RGlR4ig-B0weBo4syO20Hofi0bWFjUry3TzPNA47YnbqQvZI609Q']
DEBUG: 2024-10-23 15:06:17,316: ['2024-10-23 15:06:17:', 'VALID TOKEN', False]
DEBUG: 2024-10-23 15:06:17,316: ['2024-10-23 15:06:17:', 'VALID TOKEN', True]
DEBUG: 2024-10-23 15:06:17,318: ['2024-10-23 15:06:17:', 'PAYLOAD', {'name': 'Tina4', 'expires': '2024-10-23T15:08:17.313914'}]
DEBUG: 2024-10-23 15:06:17,328: ['2024-10-23 15:06:17:', 'DATABASE:', <module 'sqlite3' from 'C:\\Users\\andre\\AppData\\Local\\Programs\\Python\\Python311\\Lib\\sqlite3\\__init__.py'>, None, None, 'test.db', 'username']
DEBUG: 2024-10-23 15:06:17,329: ['2024-10-23 15:06:17:', 'Adding a route: /some/page']
DEBUG: 2024-10-23 15:06:17,329: ['2024-10-23 15:06:17:', 'Adding a route: /hello/{name}']
DEBUG: 2024-10-23 15:06:17,330: ['2024-10-23 15:06:17:', 'Adding a route: /hello/{name}']
DEBUG: 2024-10-23 15:06:17,330: ['2024-10-23 15:06:17:', 'Adding a route: /upload/files']
DEBUG: 2024-10-23 15:06:17,331: ['2024-10-23 15:06:17:', 'Adding a route: /system/roles']
DEBUG: 2024-10-23 15:06:17,331: ['2024-10-23 15:06:17:', 'Adding a route: /system/roles/data']
DEBUG: 2024-10-23 15:06:17,332: ['2024-10-23 15:06:17:', 'Adding a route: /system/roles/{id}']
DEBUG: 2024-10-23 15:06:17,332: ['2024-10-23 15:06:17:', 'Adding a route: /test/redirect']
DEBUG: 2024-10-23 15:06:17,333: ['2024-10-23 15:06:17:', 'Adding a route: /']
DEBUG: 2024-10-23 15:06:17,334: ['2024-10-23 15:06:17:', 'Compiling scss']
DEBUG: 2024-10-23 15:06:17,338: ['2024-10-23 15:06:17:', 'Adding a route: /swagger/swagger.json']
DEBUG: 2024-10-23 15:06:17,338: ['2024-10-23 15:06:17:', 'Adding a route: /swagger']
INFO: 2024-10-23 15:06:17,340: ['2024-10-23 15:06:17:', 'Jurigged enabled']
INFO: 2024-10-23 15:06:17,353: ['2024-10-23 15:06:17:', 'Starting webserver on 7145']
INFO: 2024-10-23 15:06:17,354: ['2024-10-23 15:06:17:', 'Server started http://localhost:7145']
WARNING: 2024-10-23 15:06:17,504: ['2024-10-23 15:06:17:', 'Not running webserver']
