This file contains any messages produced by compilers while
running configure, to aid debugging if configure makes a mistake.

It was created by HTSlib configure 1.19.1-25-gca0f6214, which was
generated by GNU Autoconf 2.71.  Invocation command line was

  $ ./configure --without-libdeflate --disable-libcurl --disable-lzma

## --------- ##
## Platform. ##
## --------- ##

hostname = cybertron
uname -m = x86_64
uname -r = 5.15.0-122-generic
uname -s = Linux
uname -v = #132-Ubuntu SMP Thu Aug 29 13:45:52 UTC 2024

/usr/bin/uname -p = x86_64
/bin/uname -X     = unknown

/bin/arch              = x86_64
/usr/bin/arch -k       = unknown
/usr/convex/getsysinfo = unknown
/usr/bin/hostinfo      = unknown
/bin/machine           = unknown
/usr/bin/oslevel       = unknown
/bin/universe          = unknown

PATH: /usr/local/cuda-12.4/bin/
PATH: /home/khchao/miniconda3/envs/splam_test/bin/
PATH: /home/khchao/miniconda3/condabin/
PATH: /usr/local/sbin/
PATH: /usr/local/bin/
PATH: /usr/sbin/
PATH: /usr/bin/
PATH: /sbin/
PATH: /bin/
PATH: /usr/games/
PATH: /usr/local/games/
PATH: /snap/bin/


## ----------- ##
## Core tests. ##
## ----------- ##

configure:2414: looking for aux files: config.guess config.sub
configure:2427:  trying ./
configure:2456:   ./config.guess found
configure:2456:   ./config.sub found
configure:2726: checking for gcc
configure:2747: found /usr/bin/gcc
configure:2758: result: gcc
configure:3111: checking for C compiler version
configure:3120: gcc --version >&5
gcc (Ubuntu 11.4.0-1ubuntu1~22.04) 11.4.0
Copyright (C) 2021 Free Software Foundation, Inc.
This is free software; see the source for copying conditions.  There is NO
warranty; not even for MERCHANTABILITY or FITNESS FOR A PARTICULAR PURPOSE.

configure:3131: $? = 0
configure:3120: gcc -v >&5
Using built-in specs.
COLLECT_GCC=gcc
COLLECT_LTO_WRAPPER=/usr/lib/gcc/x86_64-linux-gnu/11/lto-wrapper
OFFLOAD_TARGET_NAMES=nvptx-none:amdgcn-amdhsa
OFFLOAD_TARGET_DEFAULT=1
Target: x86_64-linux-gnu
Configured with: ../src/configure -v --with-pkgversion='Ubuntu 11.4.0-1ubuntu1~22.04' --with-bugurl=file:///usr/share/doc/gcc-11/README.Bugs --enable-languages=c,ada,c++,go,brig,d,fortran,objc,obj-c++,m2 --prefix=/usr --with-gcc-major-version-only --program-suffix=-11 --program-prefix=x86_64-linux-gnu- --enable-shared --enable-linker-build-id --libexecdir=/usr/lib --without-included-gettext --enable-threads=posix --libdir=/usr/lib --enable-nls --enable-bootstrap --enable-clocale=gnu --enable-libstdcxx-debug --enable-libstdcxx-time=yes --with-default-libstdcxx-abi=new --enable-gnu-unique-object --disable-vtable-verify --enable-plugin --enable-default-pie --with-system-zlib --enable-libphobos-checking=release --with-target-system-zlib=auto --enable-objc-gc=auto --enable-multiarch --disable-werror --enable-cet --with-arch-32=i686 --with-abi=m64 --with-multilib-list=m32,m64,mx32 --enable-multilib --with-tune=generic --enable-offload-targets=nvptx-none=/build/gcc-11-XeT9lY/gcc-11-11.4.0/debian/tmp-nvptx/usr,amdgcn-amdhsa=/build/gcc-11-XeT9lY/gcc-11-11.4.0/debian/tmp-gcn/usr --without-cuda-driver --enable-checking=release --build=x86_64-linux-gnu --host=x86_64-linux-gnu --target=x86_64-linux-gnu --with-build-config=bootstrap-lto-lean --enable-link-serialization=2
Thread model: posix
Supported LTO compression algorithms: zlib zstd
gcc version 11.4.0 (Ubuntu 11.4.0-1ubuntu1~22.04) 
... rest of stderr output deleted ...
configure:3131: $? = 0
configure:3120: gcc -V >&5
gcc: error: unrecognized command-line option '-V'
gcc: fatal error: no input files
compilation terminated.
configure:3131: $? = 1
configure:3120: gcc -qversion >&5
gcc: error: unrecognized command-line option '-qversion'; did you mean '--version'?
gcc: fatal error: no input files
compilation terminated.
configure:3131: $? = 1
configure:3120: gcc -version >&5
gcc: error: unrecognized command-line option '-version'
gcc: fatal error: no input files
compilation terminated.
configure:3131: $? = 1
configure:3151: checking whether the C compiler works
configure:3173: gcc    conftest.c  >&5
configure:3177: $? = 0
configure:3227: result: yes
configure:3230: checking for C compiler default output file name
configure:3232: result: a.out
configure:3238: checking for suffix of executables
configure:3245: gcc -o conftest    conftest.c  >&5
configure:3249: $? = 0
configure:3272: result: 
configure:3294: checking whether we are cross compiling
configure:3302: gcc -o conftest    conftest.c  >&5
configure:3306: $? = 0
configure:3313: ./conftest
configure:3317: $? = 0
configure:3332: result: no
configure:3337: checking for suffix of object files
configure:3360: gcc -c   conftest.c >&5
configure:3364: $? = 0
configure:3386: result: o
configure:3390: checking whether the compiler supports GNU C
configure:3410: gcc -c   conftest.c >&5
configure:3410: $? = 0
configure:3420: result: yes
configure:3431: checking whether gcc accepts -g
configure:3452: gcc -c -g  conftest.c >&5
configure:3452: $? = 0
configure:3496: result: yes
configure:3516: checking for gcc option to enable C11 features
configure:3531: gcc  -c -g -O2  conftest.c >&5
configure:3531: $? = 0
configure:3549: result: none needed
configure:3707: checking for ranlib
configure:3728: found /usr/bin/ranlib
configure:3739: result: ranlib
configure:3762: checking for grep that handles long lines and -e
configure:3826: result: /usr/bin/grep
configure:3854: checking for C compiler warning flags
configure:3987: result: -Wall
configure:4092: checking for gcc options needed to detect all undeclared functions
configure:4114: gcc -c  -Wall -g -O2   conftest.c >&5
conftest.c: In function 'main':
conftest.c:13:8: error: 'strchr' undeclared (first use in this function)
   13 | (void) strchr;
      |        ^~~~~~
conftest.c:1:1: note: 'strchr' is defined in header '<string.h>'; did you forget to '#include <string.h>'?
    1 | /* confdefs.h */
conftest.c:13:8: note: each undeclared identifier is reported only once for each function it appears in
   13 | (void) strchr;
      |        ^~~~~~
configure:4114: $? = 1
configure: failed program was:
| /* confdefs.h */
| #define PACKAGE_NAME "HTSlib"
| #define PACKAGE_TARNAME "htslib"
| #define PACKAGE_VERSION "1.19.1-25-gca0f6214"
| #define PACKAGE_STRING "HTSlib 1.19.1-25-gca0f6214"
| #define PACKAGE_BUGREPORT "samtools-help@lists.sourceforge.net"
| #define PACKAGE_URL "http://www.htslib.org/"
| /* end confdefs.h.  */
| 
| int
| main (void)
| {
| (void) strchr;
|   ;
|   return 0;
| }
configure:4141: gcc -c  -Wall -g -O2   conftest.c >&5
configure:4141: $? = 0
configure:4158: result: none needed
configure:4176: checking for stdio.h
configure:4176: gcc -c  -Wall -g -O2  conftest.c >&5
configure:4176: $? = 0
configure:4176: result: yes
configure:4176: checking for stdlib.h
configure:4176: gcc -c  -Wall -g -O2  conftest.c >&5
configure:4176: $? = 0
configure:4176: result: yes
configure:4176: checking for string.h
configure:4176: gcc -c  -Wall -g -O2  conftest.c >&5
configure:4176: $? = 0
configure:4176: result: yes
configure:4176: checking for inttypes.h
configure:4176: gcc -c  -Wall -g -O2  conftest.c >&5
configure:4176: $? = 0
configure:4176: result: yes
configure:4176: checking for stdint.h
configure:4176: gcc -c  -Wall -g -O2  conftest.c >&5
configure:4176: $? = 0
configure:4176: result: yes
configure:4176: checking for strings.h
configure:4176: gcc -c  -Wall -g -O2  conftest.c >&5
configure:4176: $? = 0
configure:4176: result: yes
configure:4176: checking for sys/stat.h
configure:4176: gcc -c  -Wall -g -O2  conftest.c >&5
configure:4176: $? = 0
configure:4176: result: yes
configure:4176: checking for sys/types.h
configure:4176: gcc -c  -Wall -g -O2  conftest.c >&5
configure:4176: $? = 0
configure:4176: result: yes
configure:4176: checking for unistd.h
configure:4176: gcc -c  -Wall -g -O2  conftest.c >&5
configure:4176: $? = 0
configure:4176: result: yes
configure:4176: checking for sys/param.h
configure:4176: gcc -c  -Wall -g -O2  conftest.c >&5
configure:4176: $? = 0
configure:4176: result: yes
configure:4201: checking whether _XOPEN_SOURCE is declared
configure:4201: gcc -c  -Wall -g -O2   conftest.c >&5
conftest.c: In function 'main':
conftest.c:55:10: error: '_XOPEN_SOURCE' undeclared (first use in this function)
   55 |   (void) _XOPEN_SOURCE;
      |          ^~~~~~~~~~~~~
conftest.c:55:10: note: each undeclared identifier is reported only once for each function it appears in
configure:4201: $? = 1
configure: failed program was:
| /* confdefs.h */
| #define PACKAGE_NAME "HTSlib"
| #define PACKAGE_TARNAME "htslib"
| #define PACKAGE_VERSION "1.19.1-25-gca0f6214"
| #define PACKAGE_STRING "HTSlib 1.19.1-25-gca0f6214"
| #define PACKAGE_BUGREPORT "samtools-help@lists.sourceforge.net"
| #define PACKAGE_URL "http://www.htslib.org/"
| #define HAVE_STDIO_H 1
| #define HAVE_STDLIB_H 1
| #define HAVE_STRING_H 1
| #define HAVE_INTTYPES_H 1
| #define HAVE_STDINT_H 1
| #define HAVE_STRINGS_H 1
| #define HAVE_SYS_STAT_H 1
| #define HAVE_SYS_TYPES_H 1
| #define HAVE_UNISTD_H 1
| #define HAVE_SYS_PARAM_H 1
| #define STDC_HEADERS 1
| /* end confdefs.h.  */
| #include <stddef.h>
| #ifdef HAVE_STDIO_H
| # include <stdio.h>
| #endif
| #ifdef HAVE_STDLIB_H
| # include <stdlib.h>
| #endif
| #ifdef HAVE_STRING_H
| # include <string.h>
| #endif
| #ifdef HAVE_INTTYPES_H
| # include <inttypes.h>
| #endif
| #ifdef HAVE_STDINT_H
| # include <stdint.h>
| #endif
| #ifdef HAVE_STRINGS_H
| # include <strings.h>
| #endif
| #ifdef HAVE_SYS_TYPES_H
| # include <sys/types.h>
| #endif
| #ifdef HAVE_SYS_STAT_H
| # include <sys/stat.h>
| #endif
| #ifdef HAVE_UNISTD_H
| # include <unistd.h>
| #endif
| int
| main (void)
| {
| #ifndef _XOPEN_SOURCE
| #ifdef __cplusplus
|   (void) _XOPEN_SOURCE;
| #else
|   (void) _XOPEN_SOURCE;
| #endif
| #endif
| 
|   ;
|   return 0;
| }
configure:4201: result: no
configure:4211: checking C compiler flags needed for sse4.1
configure:4239: gcc -o conftest  -Wall -g -O2   conftest.c  >&5
In file included from /usr/lib/gcc/x86_64-linux-gnu/11/include/x86gprintrin.h:71,
                 from /usr/lib/gcc/x86_64-linux-gnu/11/include/x86intrin.h:27,
                 from conftest.c:23:
conftest.c: In function 'main':
/usr/lib/gcc/x86_64-linux-gnu/11/include/popcntintrin.h:35:1: error: inlining failed in call to 'always_inline' '_mm_popcnt_u32': target specific option mismatch
   35 | _mm_popcnt_u32 (unsigned int __X)
      | ^~~~~~~~~~~~~~
conftest.c:33:12: note: called from here
   33 |     return _mm_popcnt_u32(*((char *) &c));
      |            ^~~~~~~~~~~~~~~~~~~~~~~~~~~~~~
In file included from /usr/lib/gcc/x86_64-linux-gnu/11/include/immintrin.h:37,
                 from /usr/lib/gcc/x86_64-linux-gnu/11/include/x86intrin.h:32,
                 from conftest.c:23:
/usr/lib/gcc/x86_64-linux-gnu/11/include/tmmintrin.h:136:1: error: inlining failed in call to 'always_inline' '_mm_shuffle_epi8': target specific option mismatch
  136 | _mm_shuffle_epi8 (__m128i __X, __m128i __Y)
      | ^~~~~~~~~~~~~~~~
conftest.c:32:17: note: called from here
   32 |     __m128i c = _mm_shuffle_epi8(_mm_max_epu32(a, b), b);
      |                 ^~~~~~~~~~~~~~~~~~~~~~~~~~~~~~~~~~~~~~~~
In file included from /usr/lib/gcc/x86_64-linux-gnu/11/include/immintrin.h:39,
                 from /usr/lib/gcc/x86_64-linux-gnu/11/include/x86intrin.h:32,
                 from conftest.c:23:
/usr/lib/gcc/x86_64-linux-gnu/11/include/smmintrin.h:318:1: error: inlining failed in call to 'always_inline' '_mm_max_epu32': target specific option mismatch
  318 | _mm_max_epu32 (__m128i __X, __m128i __Y)
      | ^~~~~~~~~~~~~
conftest.c:32:17: note: called from here
   32 |     __m128i c = _mm_shuffle_epi8(_mm_max_epu32(a, b), b);
      |                 ^~~~~~~~~~~~~~~~~~~~~~~~~~~~~~~~~~~~~~~~
In file included from /usr/lib/gcc/x86_64-linux-gnu/11/include/x86gprintrin.h:71,
                 from /usr/lib/gcc/x86_64-linux-gnu/11/include/x86intrin.h:27,
                 from conftest.c:23:
/usr/lib/gcc/x86_64-linux-gnu/11/include/popcntintrin.h:35:1: error: inlining failed in call to 'always_inline' '_mm_popcnt_u32': target specific option mismatch
   35 | _mm_popcnt_u32 (unsigned int __X)
      | ^~~~~~~~~~~~~~
conftest.c:33:12: note: called from here
   33 |     return _mm_popcnt_u32(*((char *) &c));
      |            ^~~~~~~~~~~~~~~~~~~~~~~~~~~~~~
In file included from /usr/lib/gcc/x86_64-linux-gnu/11/include/immintrin.h:37,
                 from /usr/lib/gcc/x86_64-linux-gnu/11/include/x86intrin.h:32,
                 from conftest.c:23:
/usr/lib/gcc/x86_64-linux-gnu/11/include/tmmintrin.h:136:1: error: inlining failed in call to 'always_inline' '_mm_shuffle_epi8': target specific option mismatch
  136 | _mm_shuffle_epi8 (__m128i __X, __m128i __Y)
      | ^~~~~~~~~~~~~~~~
conftest.c:32:17: note: called from here
   32 |     __m128i c = _mm_shuffle_epi8(_mm_max_epu32(a, b), b);
      |                 ^~~~~~~~~~~~~~~~~~~~~~~~~~~~~~~~~~~~~~~~
In file included from /usr/lib/gcc/x86_64-linux-gnu/11/include/immintrin.h:39,
                 from /usr/lib/gcc/x86_64-linux-gnu/11/include/x86intrin.h:32,
                 from conftest.c:23:
/usr/lib/gcc/x86_64-linux-gnu/11/include/smmintrin.h:318:1: error: inlining failed in call to 'always_inline' '_mm_max_epu32': target specific option mismatch
  318 | _mm_max_epu32 (__m128i __X, __m128i __Y)
      | ^~~~~~~~~~~~~
conftest.c:32:17: note: called from here
   32 |     __m128i c = _mm_shuffle_epi8(_mm_max_epu32(a, b), b);
      |                 ^~~~~~~~~~~~~~~~~~~~~~~~~~~~~~~~~~~~~~~~
configure:4239: $? = 1
configure: failed program was:
| /* confdefs.h */
| #define PACKAGE_NAME "HTSlib"
| #define PACKAGE_TARNAME "htslib"
| #define PACKAGE_VERSION "1.19.1-25-gca0f6214"
| #define PACKAGE_STRING "HTSlib 1.19.1-25-gca0f6214"
| #define PACKAGE_BUGREPORT "samtools-help@lists.sourceforge.net"
| #define PACKAGE_URL "http://www.htslib.org/"
| #define HAVE_STDIO_H 1
| #define HAVE_STDLIB_H 1
| #define HAVE_STRING_H 1
| #define HAVE_INTTYPES_H 1
| #define HAVE_STDINT_H 1
| #define HAVE_STRINGS_H 1
| #define HAVE_SYS_STAT_H 1
| #define HAVE_SYS_TYPES_H 1
| #define HAVE_UNISTD_H 1
| #define HAVE_SYS_PARAM_H 1
| #define STDC_HEADERS 1
| #define _XOPEN_SOURCE 600
| /* end confdefs.h.  */
| 
|     #ifdef __x86_64__
|     #include "x86intrin.h"
|     #endif
| 
| int
| main (void)
| {
| 
|     #ifdef __x86_64__
|     __m128i a = _mm_set_epi32(1, 2, 3, 4), b = _mm_set_epi32(4, 3, 2, 1);
|     __m128i c = _mm_shuffle_epi8(_mm_max_epu32(a, b), b);
|     return _mm_popcnt_u32(*((char *) &c));
|     #endif
| 
|   ;
|   return 0;
| }
configure:4266: gcc -o conftest  -Wall -g -O2  -msse4.1 -mssse3 -mpopcnt   conftest.c  >&5
configure:4266: $? = 0
configure:4279: result: -msse4.1 -mssse3 -mpopcnt
configure:4314: checking C compiler flags needed for avx2
configure:4343: gcc -o conftest  -Wall -g -O2   conftest.c  >&5
conftest.c: In function 'main':
conftest.c:35:13: warning: AVX vector return without AVX enabled changes the ABI [-Wpsabi]
   35 |     __m256i a = _mm256_set_epi32(1, 2, 3, 4, 5, 6, 7, 8);
      |             ^
In file included from /usr/lib/gcc/x86_64-linux-gnu/11/include/x86gprintrin.h:71,
                 from /usr/lib/gcc/x86_64-linux-gnu/11/include/x86intrin.h:27,
                 from conftest.c:27:
/usr/lib/gcc/x86_64-linux-gnu/11/include/popcntintrin.h:35:1: error: inlining failed in call to 'always_inline' '_mm_popcnt_u32': target specific option mismatch
   35 | _mm_popcnt_u32 (unsigned int __X)
      | ^~~~~~~~~~~~~~
conftest.c:38:12: note: called from here
   38 |     return _mm_popcnt_u32((int) c);
      |            ^~~~~~~~~~~~~~~~~~~~~~~
In file included from /usr/lib/gcc/x86_64-linux-gnu/11/include/immintrin.h:43,
                 from /usr/lib/gcc/x86_64-linux-gnu/11/include/x86intrin.h:32,
                 from conftest.c:27:
/usr/lib/gcc/x86_64-linux-gnu/11/include/avxintrin.h:558:1: error: inlining failed in call to 'always_inline' '_mm256_extract_epi64': target specific option mismatch
  558 | _mm256_extract_epi64 (__m256i __X, const int __N)
      | ^~~~~~~~~~~~~~~~~~~~
conftest.c:37:19: note: called from here
   37 |     long long c = _mm256_extract_epi64(b, 0);
      |                   ^~~~~~~~~~~~~~~~~~~~~~~~~~
In file included from /usr/lib/gcc/x86_64-linux-gnu/11/include/immintrin.h:47,
                 from /usr/lib/gcc/x86_64-linux-gnu/11/include/x86intrin.h:32,
                 from conftest.c:27:
/usr/lib/gcc/x86_64-linux-gnu/11/include/avx2intrin.h:119:1: error: inlining failed in call to 'always_inline' '_mm256_add_epi32': target specific option mismatch
  119 | _mm256_add_epi32 (__m256i __A, __m256i __B)
      | ^~~~~~~~~~~~~~~~
conftest.c:36:17: note: called from here
   36 |     __m256i b = _mm256_add_epi32(a, a);
      |                 ^~~~~~~~~~~~~~~~~~~~~~
In file included from /usr/lib/gcc/x86_64-linux-gnu/11/include/immintrin.h:43,
                 from /usr/lib/gcc/x86_64-linux-gnu/11/include/x86intrin.h:32,
                 from conftest.c:27:
/usr/lib/gcc/x86_64-linux-gnu/11/include/avxintrin.h:1265:1: error: inlining failed in call to 'always_inline' '_mm256_set_epi32': target specific option mismatch
 1265 | _mm256_set_epi32 (int __A, int __B, int __C, int __D,
      | ^~~~~~~~~~~~~~~~
conftest.c:35:17: note: called from here
   35 |     __m256i a = _mm256_set_epi32(1, 2, 3, 4, 5, 6, 7, 8);
      |                 ^~~~~~~~~~~~~~~~~~~~~~~~~~~~~~~~~~~~~~~~
configure:4343: $? = 1
configure: failed program was:
| /* confdefs.h */
| #define PACKAGE_NAME "HTSlib"
| #define PACKAGE_TARNAME "htslib"
| #define PACKAGE_VERSION "1.19.1-25-gca0f6214"
| #define PACKAGE_STRING "HTSlib 1.19.1-25-gca0f6214"
| #define PACKAGE_BUGREPORT "samtools-help@lists.sourceforge.net"
| #define PACKAGE_URL "http://www.htslib.org/"
| #define HAVE_STDIO_H 1
| #define HAVE_STDLIB_H 1
| #define HAVE_STRING_H 1
| #define HAVE_INTTYPES_H 1
| #define HAVE_STDINT_H 1
| #define HAVE_STRINGS_H 1
| #define HAVE_SYS_STAT_H 1
| #define HAVE_SYS_TYPES_H 1
| #define HAVE_UNISTD_H 1
| #define HAVE_SYS_PARAM_H 1
| #define STDC_HEADERS 1
| #define _XOPEN_SOURCE 600
| #define HAVE_SSSE3 1
| #define HAVE_POPCNT 1
| #define HAVE_SSE4_1 1
| #define UBSAN 1
| /* end confdefs.h.  */
| 
|     #ifdef __x86_64__
|     #include "x86intrin.h"
|     #endif
| 
| int
| main (void)
| {
| 
|     #ifdef __x86_64__
|     __m256i a = _mm256_set_epi32(1, 2, 3, 4, 5, 6, 7, 8);
|     __m256i b = _mm256_add_epi32(a, a);
|     long long c = _mm256_extract_epi64(b, 0);
|     return _mm_popcnt_u32((int) c);
|     #endif
| 
|   ;
|   return 0;
| }
configure:4371: gcc -o conftest  -Wall -g -O2  -mavx2 -mpopcnt   conftest.c  >&5
configure:4371: $? = 0
configure:4384: result: -mavx2 -mpopcnt
configure:4413: checking C compiler flags needed for avx512f
configure:4441: gcc -o conftest  -Wall -g -O2   conftest.c  >&5
conftest.c: In function 'main':
conftest.c:37:13: warning: AVX512F vector return without AVX512F enabled changes the ABI [-Wpsabi]
   37 |     __m512i a = _mm512_set1_epi32(1);
      |             ^
In file included from /usr/lib/gcc/x86_64-linux-gnu/11/include/x86gprintrin.h:71,
                 from /usr/lib/gcc/x86_64-linux-gnu/11/include/x86intrin.h:27,
                 from conftest.c:29:
/usr/lib/gcc/x86_64-linux-gnu/11/include/popcntintrin.h:35:1: error: inlining failed in call to 'always_inline' '_mm_popcnt_u32': target specific option mismatch
   35 | _mm_popcnt_u32 (unsigned int __X)
      | ^~~~~~~~~~~~~~
conftest.c:39:12: note: called from here
   39 |     return _mm_popcnt_u32(*((char *) &b));
      |            ^~~~~~~~~~~~~~~~~~~~~~~~~~~~~~
In file included from /usr/lib/gcc/x86_64-linux-gnu/11/include/immintrin.h:49,
                 from /usr/lib/gcc/x86_64-linux-gnu/11/include/x86intrin.h:32,
                 from conftest.c:29:
/usr/lib/gcc/x86_64-linux-gnu/11/include/avx512fintrin.h:884:1: error: inlining failed in call to 'always_inline' '_mm512_add_epi32': target specific option mismatch
  884 | _mm512_add_epi32 (__m512i __A, __m512i __B)
      | ^~~~~~~~~~~~~~~~
conftest.c:38:17: note: called from here
   38 |     __m512i b = _mm512_add_epi32(a, a);
      |                 ^~~~~~~~~~~~~~~~~~~~~~
In file included from /usr/lib/gcc/x86_64-linux-gnu/11/include/immintrin.h:49,
                 from /usr/lib/gcc/x86_64-linux-gnu/11/include/x86intrin.h:32,
                 from conftest.c:29:
/usr/lib/gcc/x86_64-linux-gnu/11/include/avx512fintrin.h:4128:1: error: inlining failed in call to 'always_inline' '_mm512_set1_epi32': target specific option mismatch
 4128 | _mm512_set1_epi32 (int __A)
      | ^~~~~~~~~~~~~~~~~
conftest.c:37:17: note: called from here
   37 |     __m512i a = _mm512_set1_epi32(1);
      |                 ^~~~~~~~~~~~~~~~~~~~
configure:4441: $? = 1
configure: failed program was:
| /* confdefs.h */
| #define PACKAGE_NAME "HTSlib"
| #define PACKAGE_TARNAME "htslib"
| #define PACKAGE_VERSION "1.19.1-25-gca0f6214"
| #define PACKAGE_STRING "HTSlib 1.19.1-25-gca0f6214"
| #define PACKAGE_BUGREPORT "samtools-help@lists.sourceforge.net"
| #define PACKAGE_URL "http://www.htslib.org/"
| #define HAVE_STDIO_H 1
| #define HAVE_STDLIB_H 1
| #define HAVE_STRING_H 1
| #define HAVE_INTTYPES_H 1
| #define HAVE_STDINT_H 1
| #define HAVE_STRINGS_H 1
| #define HAVE_SYS_STAT_H 1
| #define HAVE_SYS_TYPES_H 1
| #define HAVE_UNISTD_H 1
| #define HAVE_SYS_PARAM_H 1
| #define STDC_HEADERS 1
| #define _XOPEN_SOURCE 600
| #define HAVE_SSSE3 1
| #define HAVE_POPCNT 1
| #define HAVE_SSE4_1 1
| #define UBSAN 1
| #define HAVE_POPCNT 1
| #define HAVE_AVX2 1
| /* end confdefs.h.  */
| 
|     #ifdef __x86_64__
|     #include "x86intrin.h"
|     #endif
| 
| int
| main (void)
| {
| 
|     #ifdef __x86_64__
|     __m512i a = _mm512_set1_epi32(1);
|     __m512i b = _mm512_add_epi32(a, a);
|     return _mm_popcnt_u32(*((char *) &b));
|     #endif
| 
|   ;
|   return 0;
| }
configure:4468: gcc -o conftest  -Wall -g -O2  -mavx512f -mpopcnt   conftest.c  >&5
configure:4468: $? = 0
configure:4481: result: -mavx512f -mpopcnt
configure:4569: checking for pkg-config
configure:4592: found /usr/bin/pkg-config
configure:4604: result: /usr/bin/pkg-config
configure:4629: checking pkg-config is at least version 0.9.0
configure:4632: result: yes
configure:4682: checking for special C compiler options needed for large files
configure:4730: result: no
configure:4736: checking for _FILE_OFFSET_BITS value needed for large files
configure:4762: gcc -c  -Wall -g -O2  conftest.c >&5
configure:4762: $? = 0
configure:4796: result: no
configure:4977: checking shared library type for unknown-Linux
configure:5007: result: plain .so
configure:5013: checking whether the linker supports versioned symbols
configure:5033: gcc -o conftest  -Wall -g -O2  -Wl,-version-script,./htslib.map  conftest.c  >&5
configure:5033: $? = 0
configure:5044: result: yes
configure:5063: checking whether the compiler accepts -fvisibility=hidden
configure:5084: gcc -o conftest  -Wall -g -O2 -fvisibility=hidden   -fvisibility=hidden conftest.c  >&5
configure:5084: $? = 0
configure:5099: result: yes
configure:5160: checking build system type
configure:5175: result: x86_64-pc-linux-gnu
configure:5195: checking host system type
configure:5209: result: x86_64-pc-linux-gnu
configure:5234: checking for getpagesize
configure:5234: gcc -o conftest  -Wall -g -O2 -fvisibility=hidden   -fvisibility=hidden conftest.c  >&5
configure:5234: $? = 0
configure:5234: result: yes
configure:5245: checking for working mmap
configure:5397: gcc -o conftest  -Wall -g -O2 -fvisibility=hidden   -fvisibility=hidden conftest.c  >&5
conftest.c: In function 'main':
conftest.c:126:14: warning: implicit declaration of function 'getpagesize' [-Wimplicit-function-declaration]
  126 |   pagesize = getpagesize ();
      |              ^~~~~~~~~~~
configure:5397: $? = 0
configure:5397: ./conftest
configure:5397: $? = 0
configure:5408: result: yes
configure:5417: checking for gmtime_r
configure:5417: gcc -o conftest  -Wall -g -O2 -fvisibility=hidden   -fvisibility=hidden conftest.c  >&5
configure:5417: $? = 0
configure:5417: result: yes
configure:5423: checking for fsync
configure:5423: gcc -o conftest  -Wall -g -O2 -fvisibility=hidden   -fvisibility=hidden conftest.c  >&5
configure:5423: $? = 0
configure:5423: result: yes
configure:5429: checking for drand48
configure:5429: gcc -o conftest  -Wall -g -O2 -fvisibility=hidden   -fvisibility=hidden conftest.c  >&5
configure:5429: $? = 0
configure:5429: result: yes
configure:5435: checking for srand48_deterministic
configure:5435: gcc -o conftest  -Wall -g -O2 -fvisibility=hidden   -fvisibility=hidden conftest.c  >&5
/usr/bin/ld: /tmp/ccBzPTis.o: in function `main':
/ccb/cybertron/khchao/splam/src/include/htslib/conftest.c:61: undefined reference to `srand48_deterministic'
collect2: error: ld returned 1 exit status
configure:5435: $? = 1
configure: failed program was:
| /* confdefs.h */
| #define PACKAGE_NAME "HTSlib"
| #define PACKAGE_TARNAME "htslib"
| #define PACKAGE_VERSION "1.19.1-25-gca0f6214"
| #define PACKAGE_STRING "HTSlib 1.19.1-25-gca0f6214"
| #define PACKAGE_BUGREPORT "samtools-help@lists.sourceforge.net"
| #define PACKAGE_URL "http://www.htslib.org/"
| #define HAVE_STDIO_H 1
| #define HAVE_STDLIB_H 1
| #define HAVE_STRING_H 1
| #define HAVE_INTTYPES_H 1
| #define HAVE_STDINT_H 1
| #define HAVE_STRINGS_H 1
| #define HAVE_SYS_STAT_H 1
| #define HAVE_SYS_TYPES_H 1
| #define HAVE_UNISTD_H 1
| #define HAVE_SYS_PARAM_H 1
| #define STDC_HEADERS 1
| #define _XOPEN_SOURCE 600
| #define HAVE_SSSE3 1
| #define HAVE_POPCNT 1
| #define HAVE_SSE4_1 1
| #define UBSAN 1
| #define HAVE_POPCNT 1
| #define HAVE_AVX2 1
| #define HAVE_POPCNT 1
| #define HAVE_AVX512 1
| #define HAVE_GETPAGESIZE 1
| #define HAVE_MMAP 1
| #define HAVE_GMTIME_R 1
| #define HAVE_FSYNC 1
| #define HAVE_DRAND48 1
| /* end confdefs.h.  */
| /* Define srand48_deterministic to an innocuous variant, in case <limits.h> declares srand48_deterministic.
|    For example, HP-UX 11i <limits.h> declares gettimeofday.  */
| #define srand48_deterministic innocuous_srand48_deterministic
| 
| /* System header to define __stub macros and hopefully few prototypes,
|    which can conflict with char srand48_deterministic (); below.  */
| 
| #include <limits.h>
| #undef srand48_deterministic
| 
| /* Override any GCC internal prototype to avoid an error.
|    Use char because int might match the return type of a GCC
|    builtin and then its argument prototype would still apply.  */
| #ifdef __cplusplus
| extern "C"
| #endif
| char srand48_deterministic ();
| /* The GNU C library defines this for functions which it implements
|     to always fail with ENOSYS.  Some functions are actually named
|     something starting with __ and the normal name is an alias.  */
| #if defined __stub_srand48_deterministic || defined __stub___srand48_deterministic
| choke me
| #endif
| 
| int
| main (void)
| {
| return srand48_deterministic ();
|   ;
|   return 0;
| }
configure:5435: result: no
configure:5445: checking whether fdatasync is declared
configure:5445: gcc -c  -Wall -g -O2 -fvisibility=hidden   conftest.c >&5
configure:5445: $? = 0
configure:5445: result: yes
configure:5448: checking for fdatasync
configure:5448: gcc -o conftest  -Wall -g -O2 -fvisibility=hidden   -fvisibility=hidden conftest.c  >&5
configure:5448: $? = 0
configure:5448: result: yes
configure:5585: checking for library containing log
configure:5615: gcc -o conftest  -Wall -g -O2 -fvisibility=hidden   -fvisibility=hidden conftest.c  >&5
conftest.c:39:6: warning: conflicting types for built-in function 'log'; expected 'double(double)' [-Wbuiltin-declaration-mismatch]
   39 | char log ();
      |      ^~~
conftest.c:1:1: note: 'log' is declared in header '<math.h>'
    1 | /* confdefs.h */
/usr/bin/ld: /tmp/ccFn1Yhl.o: in function `main':
/ccb/cybertron/khchao/splam/src/include/htslib/conftest.c:43: undefined reference to `log'
collect2: error: ld returned 1 exit status
configure:5615: $? = 1
configure: failed program was:
| /* confdefs.h */
| #define PACKAGE_NAME "HTSlib"
| #define PACKAGE_TARNAME "htslib"
| #define PACKAGE_VERSION "1.19.1-25-gca0f6214"
| #define PACKAGE_STRING "HTSlib 1.19.1-25-gca0f6214"
| #define PACKAGE_BUGREPORT "samtools-help@lists.sourceforge.net"
| #define PACKAGE_URL "http://www.htslib.org/"
| #define HAVE_STDIO_H 1
| #define HAVE_STDLIB_H 1
| #define HAVE_STRING_H 1
| #define HAVE_INTTYPES_H 1
| #define HAVE_STDINT_H 1
| #define HAVE_STRINGS_H 1
| #define HAVE_SYS_STAT_H 1
| #define HAVE_SYS_TYPES_H 1
| #define HAVE_UNISTD_H 1
| #define HAVE_SYS_PARAM_H 1
| #define STDC_HEADERS 1
| #define _XOPEN_SOURCE 600
| #define HAVE_SSSE3 1
| #define HAVE_POPCNT 1
| #define HAVE_SSE4_1 1
| #define UBSAN 1
| #define HAVE_POPCNT 1
| #define HAVE_AVX2 1
| #define HAVE_POPCNT 1
| #define HAVE_AVX512 1
| #define HAVE_GETPAGESIZE 1
| #define HAVE_MMAP 1
| #define HAVE_GMTIME_R 1
| #define HAVE_FSYNC 1
| #define HAVE_DRAND48 1
| #define HAVE_FDATASYNC 1
| /* end confdefs.h.  */
| 
| /* Override any GCC internal prototype to avoid an error.
|    Use char because int might match the return type of a GCC
|    builtin and then its argument prototype would still apply.  */
| char log ();
| int
| main (void)
| {
| return log ();
|   ;
|   return 0;
| }
configure:5615: gcc -o conftest  -Wall -g -O2 -fvisibility=hidden   -fvisibility=hidden conftest.c -lm   >&5
conftest.c:39:6: warning: conflicting types for built-in function 'log'; expected 'double(double)' [-Wbuiltin-declaration-mismatch]
   39 | char log ();
      |      ^~~
conftest.c:1:1: note: 'log' is declared in header '<math.h>'
    1 | /* confdefs.h */
configure:5615: $? = 0
configure:5635: result: -lm
configure:5656: checking for zlib.h
configure:5656: gcc -c  -Wall -g -O2 -fvisibility=hidden  conftest.c >&5
configure:5656: $? = 0
configure:5656: result: yes
configure:5665: checking for inflate in -lz
configure:5688: gcc -o conftest  -Wall -g -O2 -fvisibility=hidden   -fvisibility=hidden conftest.c -lz  -lm  >&5
configure:5688: $? = 0
configure:5698: result: yes
configure:5728: checking for library containing recv
configure:5758: gcc -o conftest  -Wall -g -O2 -fvisibility=hidden   -fvisibility=hidden conftest.c -lz -lm  >&5
configure:5758: $? = 0
configure:5778: result: none required
configure:5826: checking for bzlib.h
configure:5826: gcc -c  -Wall -g -O2 -fvisibility=hidden  conftest.c >&5
configure:5826: $? = 0
configure:5826: result: yes
configure:5835: checking for BZ2_bzBuffToBuffCompress in -lbz2
configure:5858: gcc -o conftest  -Wall -g -O2 -fvisibility=hidden   -fvisibility=hidden conftest.c -lbz2  -lz -lm  >&5
configure:5858: $? = 0
configure:5868: result: yes
configure:6069: checking whether htscodecs files are present
configure:6073: result: yes
configure:6333: WARNING: GCS support not enabled: requires libcurl support
configure:6357: WARNING: S3 support not enabled: requires libcurl support
configure:6476: checking for library containing regcomp
configure:6506: gcc -o conftest  -Wall -g -O2 -fvisibility=hidden   -fvisibility=hidden conftest.c -lbz2 -lz -lm  >&5
configure:6506: $? = 0
configure:6526: result: none required
configure:6685: creating ./config.status

## ---------------------- ##
## Running config.status. ##
## ---------------------- ##

This file was extended by HTSlib config.status 1.19.1-25-gca0f6214, which was
generated by GNU Autoconf 2.71.  Invocation command line was

  CONFIG_FILES    = 
  CONFIG_HEADERS  = 
  CONFIG_LINKS    = 
  CONFIG_COMMANDS = 
  $ ./config.status 

on cybertron

config.status:855: creating config.mk
config.status:855: creating htslib.pc.tmp
config.status:855: creating config.h
config.status:1025: config.h is unchanged
config.status:1051: linking htscodecs_bundled.mk to htscodecs.mk

## ---------------- ##
## Cache variables. ##
## ---------------- ##

ac_cv_build=x86_64-pc-linux-gnu
ac_cv_c_compiler_gnu=yes
ac_cv_c_undeclared_builtin_options='none needed'
ac_cv_env_CC_set=
ac_cv_env_CC_value=
ac_cv_env_CFLAGS_set=
ac_cv_env_CFLAGS_value=
ac_cv_env_CPPFLAGS_set=
ac_cv_env_CPPFLAGS_value=
ac_cv_env_LDFLAGS_set=
ac_cv_env_LDFLAGS_value=
ac_cv_env_LIBS_set=
ac_cv_env_LIBS_value=
ac_cv_env_PKG_CONFIG_LIBDIR_set=
ac_cv_env_PKG_CONFIG_LIBDIR_value=
ac_cv_env_PKG_CONFIG_PATH_set=
ac_cv_env_PKG_CONFIG_PATH_value=
ac_cv_env_PKG_CONFIG_set=
ac_cv_env_PKG_CONFIG_value=
ac_cv_env_build_alias_set=
ac_cv_env_build_alias_value=
ac_cv_env_host_alias_set=
ac_cv_env_host_alias_value=
ac_cv_env_target_alias_set=
ac_cv_env_target_alias_value=
ac_cv_func_drand48=yes
ac_cv_func_fdatasync=yes
ac_cv_func_fsync=yes
ac_cv_func_getpagesize=yes
ac_cv_func_gmtime_r=yes
ac_cv_func_mmap_fixed_mapped=yes
ac_cv_func_srand48_deterministic=no
ac_cv_have_decl__XOPEN_SOURCE=no
ac_cv_have_decl_fdatasync_int_=yes
ac_cv_header_bzlib_h=yes
ac_cv_header_inttypes_h=yes
ac_cv_header_stdint_h=yes
ac_cv_header_stdio_h=yes
ac_cv_header_stdlib_h=yes
ac_cv_header_string_h=yes
ac_cv_header_strings_h=yes
ac_cv_header_sys_param_h=yes
ac_cv_header_sys_stat_h=yes
ac_cv_header_sys_types_h=yes
ac_cv_header_unistd_h=yes
ac_cv_header_zlib_h=yes
ac_cv_host=x86_64-pc-linux-gnu
ac_cv_lib_bz2_BZ2_bzBuffToBuffCompress=yes
ac_cv_lib_z_inflate=yes
ac_cv_objext=o
ac_cv_path_GREP=/usr/bin/grep
ac_cv_path_ac_pt_PKG_CONFIG=/usr/bin/pkg-config
ac_cv_prog_ac_ct_CC=gcc
ac_cv_prog_ac_ct_RANLIB=ranlib
ac_cv_prog_cc_c11=
ac_cv_prog_cc_g=yes
ac_cv_prog_cc_stdc=
ac_cv_search_log=-lm
ac_cv_search_recv='none required'
ac_cv_search_regcomp='none required'
ac_cv_sys_file_offset_bits=no
ac_cv_sys_largefile_CC=no
hts_cv_check__fvisibility_hidden=yes
hts_cv_check_cflags_needed_avx2___mavx2__mpopcnt='-mavx2 -mpopcnt'
hts_cv_check_cflags_needed_avx512f___mavx512f__mpopcnt='-mavx512f -mpopcnt'
hts_cv_check_cflags_needed_sse4_1___msse4_1__mssse3__mpopcnt='-msse4.1 -mssse3 -mpopcnt'
hts_cv_have_versioned_symbols=yes
hts_cv_prog_cc_warnings=-Wall

## ----------------- ##
## Output variables. ##
## ----------------- ##

CC='gcc'
CFLAGS=' -Wall -g -O2 -fvisibility=hidden'
CPPFLAGS=''
CRYPTO_LIBS=''
DEFS='-DHAVE_CONFIG_H'
ECHO_C=''
ECHO_N='-n'
ECHO_T=''
EXEEXT=''
GREP='/usr/bin/grep'
HTSDIRslash_if_relsrcdir='$(HTSDIR)/'
LDFLAGS=' -fvisibility=hidden'
LIBOBJS=''
LIBS='-lbz2 -lz -lm '
LTLIBOBJS=''
OBJEXT='o'
PACKAGE_BUGREPORT='samtools-help@lists.sourceforge.net'
PACKAGE_NAME='HTSlib'
PACKAGE_STRING='HTSlib 1.19.1-25-gca0f6214'
PACKAGE_TARNAME='htslib'
PACKAGE_URL='http://www.htslib.org/'
PACKAGE_VERSION='1.19.1-25-gca0f6214'
PATH_SEPARATOR=':'
PKG_CONFIG='/usr/bin/pkg-config'
PKG_CONFIG_LIBDIR=''
PKG_CONFIG_PATH=''
PLATFORM='default'
PLUGIN_EXT='.so'
RANLIB='ranlib'
SHELL='/bin/bash'
VERSION_SCRIPT_LDFLAGS='-Wl,-version-script,$(srcprefix)htslib.map'
ac_ct_CC='gcc'
bindir='${exec_prefix}/bin'
build='x86_64-pc-linux-gnu'
build_alias=''
build_cpu='x86_64'
build_os='linux-gnu'
build_vendor='pc'
datadir='${datarootdir}'
datarootdir='${prefix}/share'
docdir='${datarootdir}/doc/${PACKAGE_TARNAME}'
dvidir='${docdir}'
enable_plugins='no'
exec_prefix='${prefix}'
gcs='disabled'
host='x86_64-pc-linux-gnu'
host_alias=''
host_cpu='x86_64'
host_os='linux-gnu'
host_vendor='pc'
htmldir='${docdir}'
hts_cflags_avx2='-mavx2 -mpopcnt'
hts_cflags_avx512='-mavx512f -mpopcnt'
hts_cflags_sse4='-msse4.1 -mssse3 -mpopcnt'
includedir='${prefix}/include'
infodir='${datarootdir}/info'
libcurl='disabled'
libdir='${exec_prefix}/lib'
libexecdir='${exec_prefix}/libexec'
localedir='${datarootdir}/locale'
localstatedir='${prefix}/var'
mandir='${datarootdir}/man'
oldincludedir='/usr/include'
pc_requires=''
pdfdir='${docdir}'
plugindir='$(libexecdir)/htslib'
pluginpath='$(libexecdir)/htslib'
prefix='/usr/local'
private_LIBS=' -lbz2'
program_transform_name='s,x,x,'
psdir='${docdir}'
runstatedir='${localstatedir}/run'
s3='disabled'
sbindir='${exec_prefix}/sbin'
sharedstatedir='${prefix}/com'
static_LDFLAGS=''
static_LIBS='-lpthread -lz -lm -lbz2'
sysconfdir='${prefix}/etc'
target_alias=''
with_external_htscodecs='no'

## ----------- ##
## confdefs.h. ##
## ----------- ##

/* confdefs.h */
#define PACKAGE_NAME "HTSlib"
#define PACKAGE_TARNAME "htslib"
#define PACKAGE_VERSION "1.19.1-25-gca0f6214"
#define PACKAGE_STRING "HTSlib 1.19.1-25-gca0f6214"
#define PACKAGE_BUGREPORT "samtools-help@lists.sourceforge.net"
#define PACKAGE_URL "http://www.htslib.org/"
#define HAVE_STDIO_H 1
#define HAVE_STDLIB_H 1
#define HAVE_STRING_H 1
#define HAVE_INTTYPES_H 1
#define HAVE_STDINT_H 1
#define HAVE_STRINGS_H 1
#define HAVE_SYS_STAT_H 1
#define HAVE_SYS_TYPES_H 1
#define HAVE_UNISTD_H 1
#define HAVE_SYS_PARAM_H 1
#define STDC_HEADERS 1
#define _XOPEN_SOURCE 600
#define HAVE_SSSE3 1
#define HAVE_POPCNT 1
#define HAVE_SSE4_1 1
#define UBSAN 1
#define HAVE_POPCNT 1
#define HAVE_AVX2 1
#define HAVE_POPCNT 1
#define HAVE_AVX512 1
#define HAVE_GETPAGESIZE 1
#define HAVE_MMAP 1
#define HAVE_GMTIME_R 1
#define HAVE_FSYNC 1
#define HAVE_DRAND48 1
#define HAVE_FDATASYNC 1
#define HAVE_LIBZ 1
#define HAVE_LIBBZ2 1

configure: exit 0
